New log file opened at Fri Jul 01 01:51:54 CLT 2016 by 26420@DiBadas
jvm 26420@DiBadas
jvm vmName=Java HotSpot(TM) 64-Bit Server VM vmVendor=Oracle Corporation vmVersion=25.91-b14
jvm specName=Java Virtual Machine Specification specVendor=Oracle Corporation specVersion=1.8
jvm arguments: [-Xms256m, -Xmx1024m, -XX:MetaspaceSize=64m, -XX:MaxMetaspaceSize=256m]
Starting event engine
Starting sbt command engine
Waiting for sbt command engine
Command engine arguments=List()
Command engine baseDirectory=C:\Users\Nicolas\Documents\Fol.io-Backend
Command engine initial remaining commands List(--initialize, onFailure load-failed, boot, server-send-ready-for-request, server-handle-next-server-request)
> --initialize
> initialize
> onFailure load-failed
> boot
> reload
[Loading] Scanning directory C:\Users\Nicolas\Documents\Fol.io-Backend\project
[Loading] Found non-root projects 
[Loading] Done in C:\Users\Nicolas\Documents\Fol.io-Backend\project, returning: ()
deducing auto plugins based on known facts Set(Atom(sbt.plugins.CorePlugin)) and clauses Clauses(List(Clause(Atom(sbt.plugins.JvmPlugin),Set(Atom(sbt.plugins.IvyPlugin))), Clause(Atom(sbt.plugins.JUnitXmlReportPlugin),Set(Atom(sbt.plugins.JvmPlugin))), Clause(Atom(sbt.plugins.CorePlugin),Set(Atom(sbt.plugins.IvyPlugin))), Clause(Atom(sbt.plugins.IvyPlugin),Set(Atom(sbt.plugins.JvmPlugin))), Clause(Atom(sbt.plugins.JvmPlugin),Set(Atom(sbt.plugins.JUnitXmlReportPlugin)))))
  :: deduced result: Matched(sbt.plugins.CorePlugin,sbt.plugins.IvyPlugin,sbt.plugins.JvmPlugin,sbt.plugins.JUnitXmlReportPlugin)
sorting: ns: List(sbt.plugins.CorePlugin, sbt.plugins.IvyPlugin, sbt.plugins.JvmPlugin, sbt.plugins.JUnitXmlReportPlugin)
  :: sorting:: found: List(sbt.plugins.CorePlugin) not found List(sbt.plugins.IvyPlugin, sbt.plugins.JvmPlugin, sbt.plugins.JUnitXmlReportPlugin)
  :: sorting:: found: List(sbt.plugins.CorePlugin, sbt.plugins.IvyPlugin) not found List(sbt.plugins.JvmPlugin, sbt.plugins.JUnitXmlReportPlugin)
  :: sorting:: found: List(sbt.plugins.CorePlugin, sbt.plugins.IvyPlugin, sbt.plugins.JvmPlugin) not found List(sbt.plugins.JUnitXmlReportPlugin)
  :: sorting:: found: List(sbt.plugins.CorePlugin, sbt.plugins.IvyPlugin, sbt.plugins.JvmPlugin, sbt.plugins.JUnitXmlReportPlugin) not found List()
  :: sorted deduced result: List(sbt.plugins.CorePlugin, sbt.plugins.IvyPlugin, sbt.plugins.JvmPlugin, sbt.plugins.JUnitXmlReportPlugin)
[Loading] Done in C:\Users\Nicolas\Documents\Fol.io-Backend\project, returning: (fol-io-backend-build)
Loading project definition from C:\Users\Nicolas\Documents\Fol.io-Backend\project
Running task... Cancel: sbt.TaskCancellationStrategy$Null$@58ce6842, check cycles: false

Initial source changes: 
	removed:Set()
	added: Set()
	modified: Set()
Removed products: Set()
External API changes: API Changes: Set()
Modified binary dependencies: Set()
Initial directly invalidated sources: Set()

Sources indirectly invalidated by:
	product: Set()
	binary dep: Set()
	external source: Set()
All initially invalidated sources: Set()

Copy resource mappings: 
	
[Loading] Scanning directory C:\Users\Nicolas\Documents\Fol.io-Backend
[Loading] Found root project root w/ remaining 
deducing auto plugins based on known facts Set(Atom(play.sbt.PlayScala), Atom(sbt.plugins.CorePlugin)) and clauses Clauses(List(Clause(Atom(sbt.plugins.JvmPlugin),Set(Atom(sbt.plugins.IvyPlugin))), Clause(Atom(sbt.plugins.JUnitXmlReportPlugin),Set(Atom(sbt.plugins.JvmPlugin))), Clause(Atom(play.sbt.forkrun.PlayForkRun),Set(Atom(sbt.plugins.BackgroundRunPlugin))), Clause(Atom(play.sbt.forkrun.PlayForkRun),Set(Atom(play.sbt.Play))), Clause(Atom(play.sbt.forkrun.PlayForkRun),Set(Atom(sbt.plugins.SerializersPlugin))), Clause(Atom(play.sbt.Play),Set(Atom(com.typesafe.sbt.packager.archetypes.JavaServerAppPackaging))), Clause(Atom(play.sbt.Play),Set(Atom(play.sbt.routes.RoutesCompiler))), Clause(Atom(play.sbt.Play),Set(Atom(play.twirl.sbt.SbtTwirl))), Clause(Atom(play.sbt.Play),Set(Atom(com.typesafe.sbt.jse.SbtJsTask))), Clause(Atom(play.sbt.PlayAkkaHttpServer),Set(Atom(play.sbt.Play))), Clause(Atom(play.sbt.PlayJava),Set(Atom(play.sbt.Play))), Clause(Atom(play.sbt.PlayLayoutPlugin),Set(Atom(play.sbt.Play))), Clause(Atom(play.sbt.PlayLogback),Set(Atom(play.sbt.Play))), Clause(Atom(play.sbt.PlayNettyServer),Set(Atom(play.sbt.Play))), Clause(Atom(play.sbt.PlayScala),Set(Atom(play.sbt.Play))), Clause(Atom(play.sbt.routes.RoutesCompiler),Set(Atom(sbt.plugins.JvmPlugin))), Clause(Atom(play.twirl.sbt.SbtTwirl),Set(Atom(sbt.plugins.JvmPlugin))), Clause(Atom(com.typesafe.sbt.packager.archetypes.AkkaAppPackaging),Set(Atom(com.typesafe.sbt.packager.archetypes.JavaAppPackaging))), Clause(Atom(com.typesafe.sbt.packager.archetypes.JavaAppPackaging),Set(Atom(com.typesafe.sbt.packager.windows.WindowsPlugin))), Clause(Atom(com.typesafe.sbt.packager.archetypes.JavaAppPackaging),Set(Atom(com.typesafe.sbt.packager.docker.DockerPlugin))), Clause(Atom(com.typesafe.sbt.packager.archetypes.JavaAppPackaging),Set(Atom(com.typesafe.sbt.packager.debian.DebianPlugin))), Clause(Atom(com.typesafe.sbt.packager.archetypes.JavaAppPackaging),Set(Atom(com.typesafe.sbt.packager.rpm.RpmPlugin))), Clause(Atom(com.typesafe.sbt.packager.archetypes.JavaServerAppPackaging),Set(Atom(com.typesafe.sbt.packager.archetypes.JavaAppPackaging))), Clause(Atom(com.typesafe.sbt.packager.archetypes.jar.ClasspathJarPlugin),Set(Atom(com.typesafe.sbt.packager.archetypes.JavaAppPackaging))), Clause(Atom(com.typesafe.sbt.packager.archetypes.jar.LauncherJarPlugin),Set(Atom(com.typesafe.sbt.packager.archetypes.JavaAppPackaging))), Clause(Atom(com.typesafe.sbt.packager.debian.DebianDeployPlugin),Set(Atom(com.typesafe.sbt.packager.debian.DebianPlugin))), Clause(Atom(com.typesafe.sbt.packager.debian.DebianPlugin),Set(Atom(com.typesafe.sbt.packager.linux.LinuxPlugin))), Clause(Atom(com.typesafe.sbt.packager.debian.JDebPackaging),Set(Atom(com.typesafe.sbt.packager.debian.DebianPlugin))), Clause(Atom(com.typesafe.sbt.packager.docker.DockerPlugin),Set(Atom(com.typesafe.sbt.packager.universal.UniversalPlugin))), Clause(Atom(com.typesafe.sbt.packager.jdkpackager.JDKPackagerDeployPlugin),Set(Atom(com.typesafe.sbt.packager.jdkpackager.JDKPackagerPlugin))), Clause(Atom(com.typesafe.sbt.packager.jdkpackager.JDKPackagerPlugin),Set(Atom(com.typesafe.sbt.packager.archetypes.JavaAppPackaging))), Clause(Atom(com.typesafe.sbt.packager.jdkpackager.JDKPackagerPlugin),Set(Atom(com.typesafe.sbt.packager.archetypes.jar.LauncherJarPlugin))), Clause(Atom(com.typesafe.sbt.packager.linux.LinuxPlugin),Set(Atom(com.typesafe.sbt.packager.universal.UniversalPlugin))), Clause(Atom(com.typesafe.sbt.packager.rpm.RpmDeployPlugin),Set(Atom(com.typesafe.sbt.packager.rpm.RpmPlugin))), Clause(Atom(com.typesafe.sbt.packager.rpm.RpmPlugin),Set(Atom(com.typesafe.sbt.packager.linux.LinuxPlugin))), Clause(Atom(com.typesafe.sbt.packager.universal.UniversalDeployPlugin),Set(Atom(com.typesafe.sbt.packager.universal.UniversalPlugin))), Clause(Atom(com.typesafe.sbt.packager.universal.UniversalPlugin),Set(Atom(com.typesafe.sbt.SbtNativePackager))), Clause(Atom(com.typesafe.sbt.packager.windows.WindowsDeployPlugin),Set(Atom(com.typesafe.sbt.packager.windows.WindowsPlugin))), Clause(Atom(com.typesafe.sbt.packager.windows.WindowsPlugin),Set(Atom(com.typesafe.sbt.packager.universal.UniversalPlugin))), Clause(Atom(com.typesafe.sbt.web.SbtWeb),Set(Atom(sbt.plugins.JvmPlugin))), Clause(Atom(com.typesafe.sbt.jse.SbtJsEngine),Set(Atom(com.typesafe.sbt.web.SbtWeb))), Clause(Atom(com.typesafe.sbt.jse.SbtJsTask),Set(Atom(com.typesafe.sbt.jse.SbtJsEngine))), Clause(Atom(sbt.plugins.BackgroundRunPlugin),Set(Atom(sbt.plugins.JvmPlugin))), Clause(Atom(com.typesafe.sbt.coffeescript.SbtCoffeeScript),Set(Atom(com.typesafe.sbt.jse.SbtJsTask))), Clause(Atom(com.typesafe.sbt.less.SbtLess),Set(Atom(com.typesafe.sbt.jse.SbtJsTask))), Clause(Atom(com.typesafe.sbt.jshint.SbtJSHint),Set(Atom(com.typesafe.sbt.jse.SbtJsTask))), Clause(Atom(com.typesafe.sbt.rjs.SbtRjs),Set(Atom(com.typesafe.sbt.jse.SbtJsTask))), Clause(Atom(com.typesafe.sbt.digest.SbtDigest),Set(Atom(com.typesafe.sbt.web.SbtWeb))), Clause(Atom(com.typesafe.sbt.mocha.SbtMocha),Set(Atom(com.typesafe.sbt.jse.SbtJsTask))), Clause(Atom(org.irundaia.sbt.sass.SbtSassify),Set(Atom(com.typesafe.sbt.web.SbtWeb))), Clause(Atom(sbt.plugins.CorePlugin),Set(Atom(sbt.plugins.IvyPlugin))), Clause(Atom(sbt.plugins.IvyPlugin),Set(Atom(sbt.plugins.JvmPlugin))), Clause(Atom(sbt.plugins.JvmPlugin),Set(Atom(sbt.plugins.JUnitXmlReportPlugin))), Clause(And(Set(Atom(sbt.plugins.BackgroundRunPlugin), Atom(play.sbt.Play), Atom(sbt.plugins.SerializersPlugin))),Set(Atom(play.sbt.forkrun.PlayForkRun))), Clause(Atom(play.sbt.Play),Set(Atom(play.sbt.PlayLayoutPlugin))), Clause(Atom(play.sbt.Play),Set(Atom(play.sbt.PlayLogback))), Clause(Atom(play.sbt.Play),Set(Atom(play.sbt.PlayNettyServer))), Clause(Atom(com.typesafe.sbt.web.SbtWeb),Set(Atom(com.typesafe.sbt.jse.SbtJsEngine))), Clause(Atom(com.typesafe.sbt.jse.SbtJsEngine),Set(Atom(com.typesafe.sbt.jse.SbtJsTask))), Clause(Atom(sbt.plugins.JvmPlugin),Set(Atom(sbt.plugins.BackgroundRunPlugin))), Clause(Atom(sbt.plugins.CorePlugin),Set(Atom(sbt.plugins.InteractionServicePlugin))), Clause(Atom(sbt.plugins.CorePlugin),Set(Atom(sbt.plugins.SendEventServicePlugin))), Clause(Atom(sbt.plugins.CorePlugin),Set(Atom(sbt.plugins.SerializersPlugin))), Clause(Atom(com.typesafe.sbt.jse.SbtJsTask),Set(Atom(com.typesafe.sbt.coffeescript.SbtCoffeeScript))), Clause(Atom(com.typesafe.sbt.jse.SbtJsTask),Set(Atom(com.typesafe.sbt.less.SbtLess))), Clause(Atom(com.typesafe.sbt.jse.SbtJsTask),Set(Atom(com.typesafe.sbt.jshint.SbtJSHint))), Clause(Atom(com.typesafe.sbt.jse.SbtJsTask),Set(Atom(com.typesafe.sbt.rjs.SbtRjs))), Clause(Atom(com.typesafe.sbt.web.SbtWeb),Set(Atom(com.typesafe.sbt.digest.SbtDigest))), Clause(Atom(com.typesafe.sbt.jse.SbtJsTask),Set(Atom(com.typesafe.sbt.mocha.SbtMocha))), Clause(Atom(com.typesafe.sbt.web.SbtWeb),Set(Atom(org.irundaia.sbt.sass.SbtSassify)))))
  :: deduced result: Matched(sbt.plugins.CorePlugin,play.sbt.PlayScala,sbt.plugins.InteractionServicePlugin,sbt.plugins.SendEventServicePlugin,play.sbt.Play,sbt.plugins.SerializersPlugin,sbt.plugins.IvyPlugin,com.typesafe.sbt.packager.archetypes.JavaServerAppPackaging,play.twirl.sbt.SbtTwirl,sbt.plugins.JvmPlugin,play.sbt.PlayNettyServer,play.sbt.PlayLayoutPlugin,play.sbt.routes.RoutesCompiler,play.sbt.PlayLogback,com.typesafe.sbt.jse.SbtJsTask,com.typesafe.sbt.jshint.SbtJSHint,com.typesafe.sbt.packager.archetypes.JavaAppPackaging,sbt.plugins.JUnitXmlReportPlugin,com.typesafe.sbt.mocha.SbtMocha,com.typesafe.sbt.less.SbtLess,com.typesafe.sbt.rjs.SbtRjs,com.typesafe.sbt.jse.SbtJsEngine,com.typesafe.sbt.coffeescript.SbtCoffeeScript,sbt.plugins.BackgroundRunPlugin,com.typesafe.sbt.packager.rpm.RpmPlugin,com.typesafe.sbt.packager.windows.WindowsPlugin,com.typesafe.sbt.web.SbtWeb,com.typesafe.sbt.packager.docker.DockerPlugin,play.sbt.forkrun.PlayForkRun,com.typesafe.sbt.packager.debian.DebianPlugin,org.irundaia.sbt.sass.SbtSassify,com.typesafe.sbt.digest.SbtDigest,com.typesafe.sbt.packager.universal.UniversalPlugin,com.typesafe.sbt.packager.linux.LinuxPlugin,com.typesafe.sbt.SbtNativePackager)
sorting: ns: List(sbt.plugins.CorePlugin, play.sbt.PlayScala, sbt.plugins.InteractionServicePlugin, sbt.plugins.SendEventServicePlugin, play.sbt.Play, sbt.plugins.SerializersPlugin, sbt.plugins.IvyPlugin, com.typesafe.sbt.packager.archetypes.JavaServerAppPackaging, play.twirl.sbt.SbtTwirl, sbt.plugins.JvmPlugin, play.sbt.PlayNettyServer, play.sbt.PlayLayoutPlugin, play.sbt.routes.RoutesCompiler, play.sbt.PlayLogback, com.typesafe.sbt.jse.SbtJsTask, com.typesafe.sbt.jshint.SbtJSHint, com.typesafe.sbt.packager.archetypes.JavaAppPackaging, sbt.plugins.JUnitXmlReportPlugin, com.typesafe.sbt.mocha.SbtMocha, com.typesafe.sbt.less.SbtLess, com.typesafe.sbt.rjs.SbtRjs, com.typesafe.sbt.jse.SbtJsEngine, com.typesafe.sbt.coffeescript.SbtCoffeeScript, sbt.plugins.BackgroundRunPlugin, com.typesafe.sbt.packager.rpm.RpmPlugin, com.typesafe.sbt.packager.windows.WindowsPlugin, com.typesafe.sbt.web.SbtWeb, com.typesafe.sbt.packager.docker.DockerPlugin, play.sbt.forkrun.PlayForkRun, com.typesafe.sbt.packager.debian.DebianPlugin, org.irundaia.sbt.sass.SbtSassify, com.typesafe.sbt.digest.SbtDigest, com.typesafe.sbt.packager.universal.UniversalPlugin, com.typesafe.sbt.packager.linux.LinuxPlugin, com.typesafe.sbt.SbtNativePackager)
  :: sorting:: found: List(sbt.plugins.CorePlugin, com.typesafe.sbt.SbtNativePackager) not found List(play.sbt.PlayScala, sbt.plugins.InteractionServicePlugin, sbt.plugins.SendEventServicePlugin, play.sbt.Play, sbt.plugins.SerializersPlugin, sbt.plugins.IvyPlugin, com.typesafe.sbt.packager.archetypes.JavaServerAppPackaging, play.twirl.sbt.SbtTwirl, sbt.plugins.JvmPlugin, play.sbt.PlayNettyServer, play.sbt.PlayLayoutPlugin, play.sbt.routes.RoutesCompiler, play.sbt.PlayLogback, com.typesafe.sbt.jse.SbtJsTask, com.typesafe.sbt.jshint.SbtJSHint, com.typesafe.sbt.packager.archetypes.JavaAppPackaging, sbt.plugins.JUnitXmlReportPlugin, com.typesafe.sbt.mocha.SbtMocha, com.typesafe.sbt.less.SbtLess, com.typesafe.sbt.rjs.SbtRjs, com.typesafe.sbt.jse.SbtJsEngine, com.typesafe.sbt.coffeescript.SbtCoffeeScript, sbt.plugins.BackgroundRunPlugin, com.typesafe.sbt.packager.rpm.RpmPlugin, com.typesafe.sbt.packager.windows.WindowsPlugin, com.typesafe.sbt.web.SbtWeb, com.typesafe.sbt.packager.docker.DockerPlugin, play.sbt.forkrun.PlayForkRun, com.typesafe.sbt.packager.debian.DebianPlugin, org.irundaia.sbt.sass.SbtSassify, com.typesafe.sbt.digest.SbtDigest, com.typesafe.sbt.packager.universal.UniversalPlugin, com.typesafe.sbt.packager.linux.LinuxPlugin)
  :: sorting:: found: List(sbt.plugins.CorePlugin, com.typesafe.sbt.SbtNativePackager, sbt.plugins.InteractionServicePlugin, sbt.plugins.SendEventServicePlugin, sbt.plugins.SerializersPlugin, sbt.plugins.IvyPlugin, com.typesafe.sbt.packager.universal.UniversalPlugin) not found List(play.sbt.PlayScala, play.sbt.Play, com.typesafe.sbt.packager.archetypes.JavaServerAppPackaging, play.twirl.sbt.SbtTwirl, sbt.plugins.JvmPlugin, play.sbt.PlayNettyServer, play.sbt.PlayLayoutPlugin, play.sbt.routes.RoutesCompiler, play.sbt.PlayLogback, com.typesafe.sbt.jse.SbtJsTask, com.typesafe.sbt.jshint.SbtJSHint, com.typesafe.sbt.packager.archetypes.JavaAppPackaging, sbt.plugins.JUnitXmlReportPlugin, com.typesafe.sbt.mocha.SbtMocha, com.typesafe.sbt.less.SbtLess, com.typesafe.sbt.rjs.SbtRjs, com.typesafe.sbt.jse.SbtJsEngine, com.typesafe.sbt.coffeescript.SbtCoffeeScript, sbt.plugins.BackgroundRunPlugin, com.typesafe.sbt.packager.rpm.RpmPlugin, com.typesafe.sbt.packager.windows.WindowsPlugin, com.typesafe.sbt.web.SbtWeb, com.typesafe.sbt.packager.docker.DockerPlugin, play.sbt.forkrun.PlayForkRun, com.typesafe.sbt.packager.debian.DebianPlugin, org.irundaia.sbt.sass.SbtSassify, com.typesafe.sbt.digest.SbtDigest, com.typesafe.sbt.packager.linux.LinuxPlugin)
  :: sorting:: found: List(sbt.plugins.CorePlugin, com.typesafe.sbt.SbtNativePackager, sbt.plugins.InteractionServicePlugin, sbt.plugins.SendEventServicePlugin, sbt.plugins.SerializersPlugin, sbt.plugins.IvyPlugin, com.typesafe.sbt.packager.universal.UniversalPlugin, sbt.plugins.JvmPlugin, com.typesafe.sbt.packager.windows.WindowsPlugin, com.typesafe.sbt.packager.docker.DockerPlugin, com.typesafe.sbt.packager.linux.LinuxPlugin) not found List(play.sbt.PlayScala, play.sbt.Play, com.typesafe.sbt.packager.archetypes.JavaServerAppPackaging, play.twirl.sbt.SbtTwirl, play.sbt.PlayNettyServer, play.sbt.PlayLayoutPlugin, play.sbt.routes.RoutesCompiler, play.sbt.PlayLogback, com.typesafe.sbt.jse.SbtJsTask, com.typesafe.sbt.jshint.SbtJSHint, com.typesafe.sbt.packager.archetypes.JavaAppPackaging, sbt.plugins.JUnitXmlReportPlugin, com.typesafe.sbt.mocha.SbtMocha, com.typesafe.sbt.less.SbtLess, com.typesafe.sbt.rjs.SbtRjs, com.typesafe.sbt.jse.SbtJsEngine, com.typesafe.sbt.coffeescript.SbtCoffeeScript, sbt.plugins.BackgroundRunPlugin, com.typesafe.sbt.packager.rpm.RpmPlugin, com.typesafe.sbt.web.SbtWeb, play.sbt.forkrun.PlayForkRun, com.typesafe.sbt.packager.debian.DebianPlugin, org.irundaia.sbt.sass.SbtSassify, com.typesafe.sbt.digest.SbtDigest)
  :: sorting:: found: List(sbt.plugins.CorePlugin, com.typesafe.sbt.SbtNativePackager, sbt.plugins.InteractionServicePlugin, sbt.plugins.SendEventServicePlugin, sbt.plugins.SerializersPlugin, sbt.plugins.IvyPlugin, com.typesafe.sbt.packager.universal.UniversalPlugin, sbt.plugins.JvmPlugin, com.typesafe.sbt.packager.windows.WindowsPlugin, com.typesafe.sbt.packager.docker.DockerPlugin, com.typesafe.sbt.packager.linux.LinuxPlugin, play.twirl.sbt.SbtTwirl, play.sbt.routes.RoutesCompiler, sbt.plugins.JUnitXmlReportPlugin, sbt.plugins.BackgroundRunPlugin, com.typesafe.sbt.packager.rpm.RpmPlugin, com.typesafe.sbt.web.SbtWeb, com.typesafe.sbt.packager.debian.DebianPlugin) not found List(play.sbt.PlayScala, play.sbt.Play, com.typesafe.sbt.packager.archetypes.JavaServerAppPackaging, play.sbt.PlayNettyServer, play.sbt.PlayLayoutPlugin, play.sbt.PlayLogback, com.typesafe.sbt.jse.SbtJsTask, com.typesafe.sbt.jshint.SbtJSHint, com.typesafe.sbt.packager.archetypes.JavaAppPackaging, com.typesafe.sbt.mocha.SbtMocha, com.typesafe.sbt.less.SbtLess, com.typesafe.sbt.rjs.SbtRjs, com.typesafe.sbt.jse.SbtJsEngine, com.typesafe.sbt.coffeescript.SbtCoffeeScript, play.sbt.forkrun.PlayForkRun, org.irundaia.sbt.sass.SbtSassify, com.typesafe.sbt.digest.SbtDigest)
  :: sorting:: found: List(sbt.plugins.CorePlugin, com.typesafe.sbt.SbtNativePackager, sbt.plugins.InteractionServicePlugin, sbt.plugins.SendEventServicePlugin, sbt.plugins.SerializersPlugin, sbt.plugins.IvyPlugin, com.typesafe.sbt.packager.universal.UniversalPlugin, sbt.plugins.JvmPlugin, com.typesafe.sbt.packager.windows.WindowsPlugin, com.typesafe.sbt.packager.docker.DockerPlugin, com.typesafe.sbt.packager.linux.LinuxPlugin, play.twirl.sbt.SbtTwirl, play.sbt.routes.RoutesCompiler, sbt.plugins.JUnitXmlReportPlugin, sbt.plugins.BackgroundRunPlugin, com.typesafe.sbt.packager.rpm.RpmPlugin, com.typesafe.sbt.web.SbtWeb, com.typesafe.sbt.packager.debian.DebianPlugin, com.typesafe.sbt.packager.archetypes.JavaAppPackaging, com.typesafe.sbt.jse.SbtJsEngine, org.irundaia.sbt.sass.SbtSassify, com.typesafe.sbt.digest.SbtDigest) not found List(play.sbt.PlayScala, play.sbt.Play, com.typesafe.sbt.packager.archetypes.JavaServerAppPackaging, play.sbt.PlayNettyServer, play.sbt.PlayLayoutPlugin, play.sbt.PlayLogback, com.typesafe.sbt.jse.SbtJsTask, com.typesafe.sbt.jshint.SbtJSHint, com.typesafe.sbt.mocha.SbtMocha, com.typesafe.sbt.less.SbtLess, com.typesafe.sbt.rjs.SbtRjs, com.typesafe.sbt.coffeescript.SbtCoffeeScript, play.sbt.forkrun.PlayForkRun)
  :: sorting:: found: List(sbt.plugins.CorePlugin, com.typesafe.sbt.SbtNativePackager, sbt.plugins.InteractionServicePlugin, sbt.plugins.SendEventServicePlugin, sbt.plugins.SerializersPlugin, sbt.plugins.IvyPlugin, com.typesafe.sbt.packager.universal.UniversalPlugin, sbt.plugins.JvmPlugin, com.typesafe.sbt.packager.windows.WindowsPlugin, com.typesafe.sbt.packager.docker.DockerPlugin, com.typesafe.sbt.packager.linux.LinuxPlugin, play.twirl.sbt.SbtTwirl, play.sbt.routes.RoutesCompiler, sbt.plugins.JUnitXmlReportPlugin, sbt.plugins.BackgroundRunPlugin, com.typesafe.sbt.packager.rpm.RpmPlugin, com.typesafe.sbt.web.SbtWeb, com.typesafe.sbt.packager.debian.DebianPlugin, com.typesafe.sbt.packager.archetypes.JavaAppPackaging, com.typesafe.sbt.jse.SbtJsEngine, org.irundaia.sbt.sass.SbtSassify, com.typesafe.sbt.digest.SbtDigest, com.typesafe.sbt.packager.archetypes.JavaServerAppPackaging, com.typesafe.sbt.jse.SbtJsTask) not found List(play.sbt.PlayScala, play.sbt.Play, play.sbt.PlayNettyServer, play.sbt.PlayLayoutPlugin, play.sbt.PlayLogback, com.typesafe.sbt.jshint.SbtJSHint, com.typesafe.sbt.mocha.SbtMocha, com.typesafe.sbt.less.SbtLess, com.typesafe.sbt.rjs.SbtRjs, com.typesafe.sbt.coffeescript.SbtCoffeeScript, play.sbt.forkrun.PlayForkRun)
  :: sorting:: found: List(sbt.plugins.CorePlugin, com.typesafe.sbt.SbtNativePackager, sbt.plugins.InteractionServicePlugin, sbt.plugins.SendEventServicePlugin, sbt.plugins.SerializersPlugin, sbt.plugins.IvyPlugin, com.typesafe.sbt.packager.universal.UniversalPlugin, sbt.plugins.JvmPlugin, com.typesafe.sbt.packager.windows.WindowsPlugin, com.typesafe.sbt.packager.docker.DockerPlugin, com.typesafe.sbt.packager.linux.LinuxPlugin, play.twirl.sbt.SbtTwirl, play.sbt.routes.RoutesCompiler, sbt.plugins.JUnitXmlReportPlugin, sbt.plugins.BackgroundRunPlugin, com.typesafe.sbt.packager.rpm.RpmPlugin, com.typesafe.sbt.web.SbtWeb, com.typesafe.sbt.packager.debian.DebianPlugin, com.typesafe.sbt.packager.archetypes.JavaAppPackaging, com.typesafe.sbt.jse.SbtJsEngine, org.irundaia.sbt.sass.SbtSassify, com.typesafe.sbt.digest.SbtDigest, com.typesafe.sbt.packager.archetypes.JavaServerAppPackaging, com.typesafe.sbt.jse.SbtJsTask, play.sbt.Play, com.typesafe.sbt.jshint.SbtJSHint, com.typesafe.sbt.mocha.SbtMocha, com.typesafe.sbt.less.SbtLess, com.typesafe.sbt.rjs.SbtRjs, com.typesafe.sbt.coffeescript.SbtCoffeeScript) not found List(play.sbt.PlayScala, play.sbt.PlayNettyServer, play.sbt.PlayLayoutPlugin, play.sbt.PlayLogback, play.sbt.forkrun.PlayForkRun)
  :: sorting:: found: List(sbt.plugins.CorePlugin, com.typesafe.sbt.SbtNativePackager, sbt.plugins.InteractionServicePlugin, sbt.plugins.SendEventServicePlugin, sbt.plugins.SerializersPlugin, sbt.plugins.IvyPlugin, com.typesafe.sbt.packager.universal.UniversalPlugin, sbt.plugins.JvmPlugin, com.typesafe.sbt.packager.windows.WindowsPlugin, com.typesafe.sbt.packager.docker.DockerPlugin, com.typesafe.sbt.packager.linux.LinuxPlugin, play.twirl.sbt.SbtTwirl, play.sbt.routes.RoutesCompiler, sbt.plugins.JUnitXmlReportPlugin, sbt.plugins.BackgroundRunPlugin, com.typesafe.sbt.packager.rpm.RpmPlugin, com.typesafe.sbt.web.SbtWeb, com.typesafe.sbt.packager.debian.DebianPlugin, com.typesafe.sbt.packager.archetypes.JavaAppPackaging, com.typesafe.sbt.jse.SbtJsEngine, org.irundaia.sbt.sass.SbtSassify, com.typesafe.sbt.digest.SbtDigest, com.typesafe.sbt.packager.archetypes.JavaServerAppPackaging, com.typesafe.sbt.jse.SbtJsTask, play.sbt.Play, com.typesafe.sbt.jshint.SbtJSHint, com.typesafe.sbt.mocha.SbtMocha, com.typesafe.sbt.less.SbtLess, com.typesafe.sbt.rjs.SbtRjs, com.typesafe.sbt.coffeescript.SbtCoffeeScript, play.sbt.PlayScala, play.sbt.PlayNettyServer, play.sbt.PlayLayoutPlugin, play.sbt.PlayLogback, play.sbt.forkrun.PlayForkRun) not found List()
  :: sorted deduced result: List(sbt.plugins.CorePlugin, com.typesafe.sbt.SbtNativePackager, sbt.plugins.InteractionServicePlugin, sbt.plugins.SendEventServicePlugin, sbt.plugins.SerializersPlugin, sbt.plugins.IvyPlugin, com.typesafe.sbt.packager.universal.UniversalPlugin, sbt.plugins.JvmPlugin, com.typesafe.sbt.packager.windows.WindowsPlugin, com.typesafe.sbt.packager.docker.DockerPlugin, com.typesafe.sbt.packager.linux.LinuxPlugin, play.twirl.sbt.SbtTwirl, play.sbt.routes.RoutesCompiler, sbt.plugins.JUnitXmlReportPlugin, sbt.plugins.BackgroundRunPlugin, com.typesafe.sbt.packager.rpm.RpmPlugin, com.typesafe.sbt.web.SbtWeb, com.typesafe.sbt.packager.debian.DebianPlugin, com.typesafe.sbt.packager.archetypes.JavaAppPackaging, com.typesafe.sbt.jse.SbtJsEngine, org.irundaia.sbt.sass.SbtSassify, com.typesafe.sbt.digest.SbtDigest, com.typesafe.sbt.packager.archetypes.JavaServerAppPackaging, com.typesafe.sbt.jse.SbtJsTask, play.sbt.Play, com.typesafe.sbt.jshint.SbtJSHint, com.typesafe.sbt.mocha.SbtMocha, com.typesafe.sbt.less.SbtLess, com.typesafe.sbt.rjs.SbtRjs, com.typesafe.sbt.coffeescript.SbtCoffeeScript, play.sbt.PlayScala, play.sbt.PlayNettyServer, play.sbt.PlayLayoutPlugin, play.sbt.PlayLogback, play.sbt.forkrun.PlayForkRun)
[Loading] Done in C:\Users\Nicolas\Documents\Fol.io-Backend, returning: (root)
Set current project to play-slick-rest (in build file:/C:/Users/Nicolas/Documents/Fol.io-Backend/)
Reapplying settings...
Set current project to play-slick-rest (in build file:/C:/Users/Nicolas/Documents/Fol.io-Backend/)
> iflast shell
> server-send-ready-for-request
> server-handle-next-server-request
> {file:/C:/Users/Nicolas/Documents/Fol.io-Backend/}root/compile:discoveredMainClasses
Evaluating tasks: compile:discoveredMainClasses
Running task... Cancel: sbt.server.ServerTaskCancellation@15c0726e, check cycles: false

Initial source changes: 
	removed:Set()
	added: Set()
	modified: Set()
Removed products: Set()
External API changes: API Changes: Set()
Modified binary dependencies: Set()
Initial directly invalidated sources: Set()

Sources indirectly invalidated by:
	product: Set()
	binary dep: Set()
	external source: Set()
All initially invalidated sources: Set()

Total time: 1 s, completed 01-07-2016 1:51:58
> server-post-command-cleanup
> server-handle-next-server-request
> {file:/C:/Users/Nicolas/Documents/Fol.io-Backend/}root/compile:mainClass
Evaluating tasks: compile:mainClass
Running task... Cancel: sbt.server.ServerTaskCancellation@58652a42, check cycles: false
Total time: 0 s, completed 01-07-2016 1:51:58
> server-post-command-cleanup
> server-handle-next-server-request
> {file:/C:/Users/Nicolas/Documents/Fol.io-Backend/}root/compile:discoveredMainClasses
Evaluating tasks: compile:discoveredMainClasses
Running task... Cancel: sbt.server.ServerTaskCancellation@5895f230, check cycles: false

Initial source changes: 
	removed:Set()
	added: Set()
	modified: Set()
Removed products: Set()
External API changes: API Changes: Set()
Modified binary dependencies: Set()
Initial directly invalidated sources: Set()

Sources indirectly invalidated by:
	product: Set()
	binary dep: Set()
	external source: Set()
All initially invalidated sources: Set()

Total time: 0 s, completed 01-07-2016 1:51:59
> server-post-command-cleanup
> server-handle-next-server-request
> {file:/C:/Users/Nicolas/Documents/Fol.io-Backend/}root/compile:mainClass
Evaluating tasks: compile:mainClass
Running task... Cancel: sbt.server.ServerTaskCancellation@4ee7db3e, check cycles: false
Total time: 0 s, completed 01-07-2016 1:51:59
> server-post-command-cleanup
> server-handle-next-server-request
> compile
Evaluating tasks: compile:compile
Running task... Cancel: sbt.server.ServerTaskCancellation@3859c64f, check cycles: false

Initial source changes: 
	removed:Set()
	added: Set()
	modified: Set()
Removed products: Set()
External API changes: API Changes: Set()
Modified binary dependencies: Set()
Initial directly invalidated sources: Set()

Sources indirectly invalidated by:
	product: Set()
	binary dep: Set()
	external source: Set()
All initially invalidated sources: Set()

Total time: 0 s, completed 01-07-2016 1:53:12
> server-post-command-cleanup
> server-handle-next-server-request
> backgroundRun
Evaluating tasks: compile:backgroundRun
Running task... Cancel: sbt.server.ServerTaskCancellation@3d2cc515, check cycles: false
Total time: 0 s, completed 01-07-2016 1:53:12
> server-post-command-cleanup
> server-handle-next-server-request
> test
Evaluating tasks: test:test
Running task... Cancel: sbt.server.ServerTaskCancellation@68b7aa47, check cycles: false

Initial source changes: 
	removed:Set()
	added: Set()
	modified: Set()
Removed products: Set()
External API changes: API Changes: Set()
Modified binary dependencies: Set()
Initial directly invalidated sources: Set()

Sources indirectly invalidated by:
	product: Set()
	binary dep: Set()
	external source: Set()
All initially invalidated sources: Set()

Copy resource mappings: 
	(C:\Users\Nicolas\Documents\Fol.io-Backend\conf\application.conf,C:\Users\Nicolas\Documents\Fol.io-Backend\target\scala-2.11\classes\application.conf)
	(C:\Users\Nicolas\Documents\Fol.io-Backend\conf\evolutions,C:\Users\Nicolas\Documents\Fol.io-Backend\target\scala-2.11\classes\evolutions)
	(C:\Users\Nicolas\Documents\Fol.io-Backend\conf\logback.xml,C:\Users\Nicolas\Documents\Fol.io-Backend\target\scala-2.11\classes\logback.xml)
	(C:\Users\Nicolas\Documents\Fol.io-Backend\conf\routes,C:\Users\Nicolas\Documents\Fol.io-Backend\target\scala-2.11\classes\routes)
	(C:\Users\Nicolas\Documents\Fol.io-Backend\conf\evolutions\default,C:\Users\Nicolas\Documents\Fol.io-Backend\target\scala-2.11\classes\evolutions\default)
	(C:\Users\Nicolas\Documents\Fol.io-Backend\conf\evolutions\default\1.sql,C:\Users\Nicolas\Documents\Fol.io-Backend\target\scala-2.11\classes\evolutions\default\1.sql)
Warning: node.js detection failed, sbt will use the Rhino based Trireme JavaScript engine instead to run JavaScript assets compilation, which in some cases may be orders of magnitude slower than using node.js.

Initial source changes: 
	removed:Set()
	added: Set()
	modified: Set()
Removed products: Set()
External API changes: API Changes: Set()
Modified binary dependencies: Set()
Initial directly invalidated sources: Set()

Sources indirectly invalidated by:
	product: Set()
	binary dep: Set()
	external source: Set()
All initially invalidated sources: Set()

Copy resource mappings: 
	
Framework implementation 'org.scalacheck.ScalaCheckFramework' not present.
Framework implementation 'org.specs2.runner.Specs2Framework' not present.
Framework implementation 'org.specs2.runner.SpecsFramework' not present.
Framework implementation 'org.specs.runner.SpecsFramework' not present.
Subclass fingerprints: List((org.scalatest.Suite,false,org.scalatest.tools.Framework$$anon$1@14afbc29), (junit.framework.TestCase,false,com.novocode.junit.JUnit3Fingerprint@5b1f7b2f))
Annotation fingerprints: List((org.scalatest.WrapWith,false,org.scalatest.tools.Framework$$anon$2@764a8e5a), (org.junit.runner.RunWith,false,com.novocode.junit.RunWithFingerprint@562c55bf), (org.junit.Test,false,com.novocode.junit.JUnitFingerprint@42e0f0dc))
Forking tests - parallelism = false
Create a single-thread test executor
Runner for org.scalatest.tools.Framework produced 1 initial tasks for 1 tests.
  Running TaskDef(ApplicationSpec, sbt.ForkMain$SubclassFingerscan@412b5cb0, false, [SuiteSelector])
Read from stdout: ApplicationSpec:
ApplicationSpec:
Read from stdout: Routes
Routes
akka://application/user/actorUsers
1
2
3
akka://application/user/actorUsers/$b
4
akka://application/user/actorUsers/$a
akka://application/user/actorUsers/$c
akka://application/user/actorUsers/$d
Read from stdout: - should send 404 on a bad request
- should send 404 on a bad request
    Produced 0 nested tasks and 1 events.
Runner for com.novocode.junit.JUnitFramework produced 0 initial tasks for 0 tests.
Read from stdout: ScalaTest
ScalaTest
Read from stdout: Run completed in 4 seconds, 967 milliseconds.
Read from stdout: Total number of tests run: 1
Read from stdout: Suites: completed 1, aborted 0
Read from stdout: Tests: succeeded 1, failed 0, canceled 0, ignored 0, pending 0
Read from stdout: All tests passed.
Run completed in 4 seconds, 967 milliseconds.
Total number of tests run: 1
Suites: completed 1, aborted 0
Tests: succeeded 1, failed 0, canceled 0, ignored 0, pending 0
All tests passed.
Summary for JUnit not available.
Read from stdout: Passed: Total 1, Failed 0, Errors 0, Passed 1
Passed: Total 1, Failed 0, Errors 0, Passed 1
Passed tests:
	ApplicationSpec
Total time: 7 s, completed 01-07-2016 1:53:19
> server-post-command-cleanup
> server-handle-next-server-request
> {file:/C:/Users/Nicolas/Documents/Fol.io-Backend/}root/*:playForkConfig
Evaluating tasks: *:playForkConfig
Running task... Cancel: sbt.server.ServerTaskCancellation@27f05a2a, check cycles: false
Total time: 0 s, completed 01-07-2016 1:53:19
> server-post-command-cleanup
> server-handle-next-server-request
> root/playForkNotifyStart http://localhost:9000
Evaluating tasks: *:playForkNotifyStart
Running task... Cancel: sbt.server.ServerTaskCancellation@1c637657, check cycles: false
Total time: 0 s, completed 01-07-2016 1:53:20
> server-post-command-cleanup
> server-handle-next-server-request
> {file:/C:/Users/Nicolas/Documents/Fol.io-Backend/}root/*:playForkReload
Evaluating tasks: *:playForkReload
Running task... Cancel: sbt.server.ServerTaskCancellation@df60384, check cycles: false

Initial source changes: 
	removed:Set()
	added: Set()
	modified: Set()
Removed products: Set()
External API changes: API Changes: Set()
Modified binary dependencies: Set()
Initial directly invalidated sources: Set()

Sources indirectly invalidated by:
	product: Set()
	binary dep: Set()
	external source: Set()
All initially invalidated sources: Set()

Copy resource mappings: 
	(C:\Users\Nicolas\Documents\Fol.io-Backend\conf\application.conf,C:\Users\Nicolas\Documents\Fol.io-Backend\target\scala-2.11\classes\application.conf)
	(C:\Users\Nicolas\Documents\Fol.io-Backend\conf\evolutions,C:\Users\Nicolas\Documents\Fol.io-Backend\target\scala-2.11\classes\evolutions)
	(C:\Users\Nicolas\Documents\Fol.io-Backend\conf\logback.xml,C:\Users\Nicolas\Documents\Fol.io-Backend\target\scala-2.11\classes\logback.xml)
	(C:\Users\Nicolas\Documents\Fol.io-Backend\conf\routes,C:\Users\Nicolas\Documents\Fol.io-Backend\target\scala-2.11\classes\routes)
	(C:\Users\Nicolas\Documents\Fol.io-Backend\conf\evolutions\default,C:\Users\Nicolas\Documents\Fol.io-Backend\target\scala-2.11\classes\evolutions\default)
	(C:\Users\Nicolas\Documents\Fol.io-Backend\conf\evolutions\default\1.sql,C:\Users\Nicolas\Documents\Fol.io-Backend\target\scala-2.11\classes\evolutions\default\1.sql)
Total time: 1 s, completed 01-07-2016 1:53:26
> server-post-command-cleanup
> server-handle-next-server-request
> compile
Evaluating tasks: compile:compile
Running task... Cancel: sbt.server.ServerTaskCancellation@45989fd2, check cycles: false

Initial source changes: 
	removed:Set()
	added: Set()
	modified: Set(C:\Users\Nicolas\Documents\Fol.io-Backend\app\models\entities\FolIO.scala, C:\Users\Nicolas\Documents\Fol.io-Backend\app\actors\ActorDBUsers.scala, C:\Users\Nicolas\Documents\Fol.io-Backend\app\models\persistence\SlickTables.scala)
Removed products: Set()
External API changes: API Changes: Set()
Modified binary dependencies: Set()
Initial directly invalidated sources: Set(C:\Users\Nicolas\Documents\Fol.io-Backend\app\models\entities\FolIO.scala, C:\Users\Nicolas\Documents\Fol.io-Backend\app\actors\ActorDBUsers.scala, C:\Users\Nicolas\Documents\Fol.io-Backend\app\models\persistence\SlickTables.scala)

Sources indirectly invalidated by:
	product: Set()
	binary dep: Set()
	external source: Set()
All initially invalidated sources: Set(C:\Users\Nicolas\Documents\Fol.io-Backend\app\models\entities\FolIO.scala, C:\Users\Nicolas\Documents\Fol.io-Backend\app\actors\ActorDBUsers.scala, C:\Users\Nicolas\Documents\Fol.io-Backend\app\models\persistence\SlickTables.scala)

Read from stdout: Compiling 3 Scala sources to C:\Users\Nicolas\Documents\Fol.io-Backend\target\scala-2.11\classes...
Compiling 3 Scala sources to C:\Users\Nicolas\Documents\Fol.io-Backend\target\scala-2.11\classes...
Getting compiler-interface from component compiler for Scala 2.11.7
Other repositories:
Default repositories:
Getting compiler-interface from component compiler for Scala 2.11.7
Other repositories:
Default repositories:
Running cached compiler 45ff719e, interfacing (CompilerInterface) with Scala compiler version 2.11.7
Calling Scala compiler with arguments  (CompilerInterface):
	-deprecation
	-unchecked
	-encoding
	utf8
	-bootclasspath
	C:\Program Files\Java\jdk1.8.0_91\jre\lib\resources.jar;C:\Program Files\Java\jdk1.8.0_91\jre\lib\rt.jar;C:\Program Files\Java\jdk1.8.0_91\jre\lib\sunrsasign.jar;C:\Program Files\Java\jdk1.8.0_91\jre\lib\jsse.jar;C:\Program Files\Java\jdk1.8.0_91\jre\lib\jce.jar;C:\Program Files\Java\jdk1.8.0_91\jre\lib\charsets.jar;C:\Program Files\Java\jdk1.8.0_91\jre\lib\jfr.jar;C:\Program Files\Java\jdk1.8.0_91\jre\classes;C:\Users\Nicolas\.ivy2\cache\org.scala-lang\scala-library\jars\scala-library-2.11.7.jar
	-classpath
	C:\Users\Nicolas\Documents\Fol.io-Backend\target\scala-2.11\classes;C:\Users\Nicolas\Desktop\scalparo\activator-dist-1.3.10\repository\com.typesafe.play\twirl-api_2.11\1.1.1\jars\twirl-api_2.11.jar;C:\Users\Nicolas\Desktop\activator-dist-1.3.10\repository\org.apache.commons\commons-lang3\3.4\jars\commons-lang3.jar;C:\Users\Nicolas\.ivy2\cache\org.scala-lang.modules\scala-xml_2.11\bundles\scala-xml_2.11-1.0.1.jar;C:\Users\Nicolas\.ivy2\cache\com.typesafe.play\play-server_2.11\jars\play-server_2.11-2.5.0.jar;C:\Users\Nicolas\.ivy2\cache\com.typesafe.play\play_2.11\jars\play_2.11-2.5.0.jar;C:\Users\Nicolas\.ivy2\cache\com.typesafe.play\build-link\jars\build-link-2.5.0.jar;C:\Users\Nicolas\.ivy2\cache\com.typesafe.play\play-exceptions\jars\play-exceptions-2.5.0.jar;C:\Users\Nicolas\.ivy2\cache\com.typesafe.play\play-iteratees_2.11\jars\play-iteratees_2.11-2.5.0.jar;C:\Users\Nicolas\.ivy2\cache\org.scala-stm\scala-stm_2.11\jars\scala-stm_2.11-0.7.jar;C:\Users\Nicolas\Desktop\activator-dist-1.3.10\repository\com.typesafe\config\1.3.0\bundles\config.jar;C:\Users\Nicolas\.ivy2\cache\com.typesafe.play\play-json_2.11\jars\play-json_2.11-2.5.0.jar;C:\Users\Nicolas\.ivy2\cache\com.typesafe.play\play-functional_2.11\jars\play-functional_2.11-2.5.0.jar;C:\Users\Nicolas\.ivy2\cache\com.typesafe.play\play-datacommons_2.11\jars\play-datacommons_2.11-2.5.0.jar;C:\Users\Nicolas\.ivy2\cache\joda-time\joda-time\jars\joda-time-2.9.2.jar;C:\Users\Nicolas\.ivy2\cache\org.joda\joda-convert\jars\joda-convert-1.8.1.jar;C:\Users\Nicolas\.ivy2\cache\org.scala-lang\scala-reflect\jars\scala-reflect-2.11.7.jar;C:\Users\Nicolas\.ivy2\cache\com.fasterxml.jackson.core\jackson-core\bundles\jackson-core-2.7.1.jar;C:\Users\Nicolas\.ivy2\cache\com.fasterxml.jackson.core\jackson-annotations\bundles\jackson-annotations-2.7.1.jar;C:\Users\Nicolas\.ivy2\cache\com.fasterxml.jackson.core\jackson-databind\bundles\jackson-databind-2.7.1.jar;C:\Users\Nicolas\.ivy2\cache\com.fasterxml.jackson.datatype\jackson-datatype-jdk8\bundles\jackson-datatype-jdk8-2.7.1.jar;C:\Users\Nicolas\.ivy2\cache\com.fasterxml.jackson.datatype\jackson-datatype-jsr310\bundles\jackson-datatype-jsr310-2.7.1.jar;C:\Users\Nicolas\.ivy2\cache\com.typesafe.play\play-netty-utils\jars\play-netty-utils-2.5.0.jar;C:\Users\Nicolas\.ivy2\cache\org.slf4j\slf4j-api\jars\slf4j-api-1.7.16.jar;C:\Users\Nicolas\.ivy2\cache\org.slf4j\jul-to-slf4j\jars\jul-to-slf4j-1.7.16.jar;C:\Users\Nicolas\.ivy2\cache\org.slf4j\jcl-over-slf4j\jars\jcl-over-slf4j-1.7.16.jar;C:\Users\Nicolas\.ivy2\cache\com.typesafe.play\play-streams_2.11\jars\play-streams_2.11-2.5.0.jar;C:\Users\Nicolas\Desktop\scalparo\activator-dist-1.3.10\repository\org.reactivestreams\reactive-streams\1.0.0\jars\reactive-streams.jar;C:\Users\Nicolas\.ivy2\cache\com.typesafe.akka\akka-stream_2.11\jars\akka-stream_2.11-2.4.2.jar;C:\Users\Nicolas\.ivy2\cache\com.typesafe.akka\akka-actor_2.11\jars\akka-actor_2.11-2.4.2.jar;C:\Users\Nicolas\.ivy2\cache\org.scala-lang.modules\scala-java8-compat_2.11\bundles\scala-java8-compat_2.11-0.7.0.jar;C:\Users\Nicolas\.ivy2\cache\com.typesafe\ssl-config-akka_2.11\bundles\ssl-config-akka_2.11-0.1.3.jar;C:\Users\Nicolas\.ivy2\cache\com.typesafe\ssl-config-core_2.11\bundles\ssl-config-core_2.11-0.1.3.jar;C:\Users\Nicolas\.ivy2\cache\org.scala-lang.modules\scala-parser-combinators_2.11\bundles\scala-parser-combinators_2.11-1.0.4.jar;C:\Users\Nicolas\.ivy2\cache\com.typesafe.akka\akka-slf4j_2.11\jars\akka-slf4j_2.11-2.4.2.jar;C:\Users\Nicolas\Desktop\scalparo\activator-dist-1.3.10\repository\commons-codec\commons-codec\1.10\jars\commons-codec.jar;C:\Users\Nicolas\.ivy2\cache\xerces\xercesImpl\jars\xercesImpl-2.11.0.jar;C:\Users\Nicolas\.ivy2\cache\xml-apis\xml-apis\jars\xml-apis-1.4.01.jar;C:\Users\Nicolas\.ivy2\cache\javax.transaction\jta\jars\jta-1.1.jar;C:\Users\Nicolas\Desktop\scalparo\activator-dist-1.3.10\repository\com.google.inject\guice\4.0\jars\guice.jar;C:\Users\Nicolas\Desktop\activator-dist-1.3.10\repository\javax.inject\javax.inject\1\jars\javax.inject.jar;C:\Users\Nicolas\Desktop\activator-dist-1.3.10\repository\aopalliance\aopalliance\1.0\jars\aopalliance.jar;C:\Users\Nicolas\Desktop\scalparo\activator-dist-1.3.10\repository\com.google.inject.extensions\guice-assistedinject\4.0\jars\guice-assistedinject.jar;C:\Users\Nicolas\.ivy2\cache\com.typesafe.play\play-netty-server_2.11\jars\play-netty-server_2.11-2.5.0.jar;C:\Users\Nicolas\.ivy2\cache\com.typesafe.netty\netty-reactive-streams-http\jars\netty-reactive-streams-http-1.0.2.jar;C:\Users\Nicolas\.ivy2\cache\com.typesafe.netty\netty-reactive-streams\jars\netty-reactive-streams-1.0.2.jar;C:\Users\Nicolas\.ivy2\cache\io.netty\netty-transport-native-epoll\jars\netty-transport-native-epoll-4.0.33.Final-linux-x86_64.jar;C:\Users\Nicolas\.ivy2\cache\com.typesafe.play\play-logback_2.11\jars\play-logback_2.11-2.5.0.jar;C:\Users\Nicolas\.ivy2\cache\ch.qos.logback\logback-core\jars\logback-core-1.1.4.jar;C:\Users\Nicolas\.ivy2\cache\ch.qos.logback\logback-classic\jars\logback-classic-1.1.4.jar;C:\Users\Nicolas\.ivy2\cache\com.typesafe.play\play-slick_2.11\jars\play-slick_2.11-1.1.1.jar;C:\Users\Nicolas\.ivy2\cache\com.typesafe.slick\slick_2.11\bundles\slick_2.11-3.1.0.jar;C:\Users\Nicolas\.ivy2\cache\com.typesafe.slick\slick-hikaricp_2.11\bundles\slick-hikaricp_2.11-3.1.0.jar;C:\Users\Nicolas\.ivy2\cache\com.zaxxer\HikariCP-java6\bundles\HikariCP-java6-2.3.7.jar;C:\Users\Nicolas\.ivy2\cache\com.typesafe.play\play-slick-evolutions_2.11\jars\play-slick-evolutions_2.11-1.1.1.jar;C:\Users\Nicolas\.ivy2\cache\com.typesafe.play\play-jdbc-evolutions_2.11\jars\play-jdbc-evolutions_2.11-2.5.0.jar;C:\Users\Nicolas\.ivy2\cache\com.typesafe.play\play-jdbc-api_2.11\jars\play-jdbc-api_2.11-2.5.0.jar;C:\Users\Nicolas\.ivy2\cache\com.h2database\h2\jars\h2-1.4.191.jar;C:\Users\Nicolas\.ivy2\cache\com.typesafe.play\play-cache_2.11\jars\play-cache_2.11-2.5.0.jar;C:\Users\Nicolas\.ivy2\cache\net.sf.ehcache\ehcache-core\jars\ehcache-core-2.6.11.jar;C:\Users\Nicolas\.ivy2\cache\com.typesafe.play\play-ws_2.11\jars\play-ws_2.11-2.5.0.jar;C:\Users\Nicolas\.ivy2\cache\com.google.guava\guava\bundles\guava-19.0.jar;C:\Users\Nicolas\.ivy2\cache\org.asynchttpclient\async-http-client\jars\async-http-client-2.0.0-RC9.jar;C:\Users\Nicolas\.ivy2\cache\io.netty\netty-codec-http\jars\netty-codec-http-4.0.34.Final.jar;C:\Users\Nicolas\.ivy2\cache\io.netty\netty-codec\jars\netty-codec-4.0.34.Final.jar;C:\Users\Nicolas\.ivy2\cache\io.netty\netty-transport\jars\netty-transport-4.0.34.Final.jar;C:\Users\Nicolas\.ivy2\cache\io.netty\netty-buffer\jars\netty-buffer-4.0.34.Final.jar;C:\Users\Nicolas\.ivy2\cache\io.netty\netty-common\jars\netty-common-4.0.34.Final.jar;C:\Users\Nicolas\.ivy2\cache\io.netty\netty-handler\jars\netty-handler-4.0.34.Final.jar;C:\Users\Nicolas\.ivy2\cache\org.asynchttpclient\netty-resolver-dns\jars\netty-resolver-dns-2.0.0-RC9.jar;C:\Users\Nicolas\.ivy2\cache\org.asynchttpclient\netty-resolver\jars\netty-resolver-2.0.0-RC9.jar;C:\Users\Nicolas\.ivy2\cache\org.asynchttpclient\netty-codec-dns\jars\netty-codec-dns-2.0.0-RC9.jar;C:\Users\Nicolas\.ivy2\cache\org.javassist\javassist\bundles\javassist-3.20.0-GA.jar;C:\Users\Nicolas\.ivy2\cache\oauth.signpost\signpost-core\jars\signpost-core-1.2.1.2.jar;C:\Users\Nicolas\.ivy2\cache\oauth.signpost\signpost-commonshttp4\jars\signpost-commonshttp4-1.2.1.2.jar;C:\Users\Nicolas\.ivy2\cache\org.apache.httpcomponents\httpcore\jars\httpcore-4.0.1.jar;C:\Users\Nicolas\.ivy2\cache\org.apache.httpcomponents\httpclient\jars\httpclient-4.0.1.jar;C:\Users\Nicolas\.ivy2\cache\commons-logging\commons-logging\jars\commons-logging-1.1.1.jar;C:\Users\Nicolas\.ivy2\cache\org.postgresql\postgresql\jars\postgresql-9.4-1201-jdbc41.jar
Read from stdout: C:\Users\Nicolas\Documents\Fol.io-Backend\app\models\persistence\SlickTables.scala:15: method current in object Play is deprecated: This is a static reference to application, use DI instead
C:\Users\Nicolas\Documents\Fol.io-Backend\app\models\persistence\SlickTables.scala:15: method current in object Play is deprecated: This is a static reference to application, use DI instead
Read from stdout: protected lazy val dbConfig = DatabaseConfigProvider.get[JdbcProfile](Play.current)
  protected lazy val dbConfig = DatabaseConfigProvider.get[JdbcProfile](Play.current)
Read from stdout: ^
                                                                             ^
Read from stdout: there were two feature warnings; re-run with -feature for details
there were two feature warnings; re-run with -feature for details
Read from stdout: two warnings found
two warnings found
Scala compilation took 6.521191912 s
Invalidating C:\Users\Nicolas\Documents\Fol.io-Backend\app\models\entities\FolIO.scala...
Invalidating (transitively) by inheritance from C:\Users\Nicolas\Documents\Fol.io-Backend\app\models\entities\FolIO.scala...
Initial set of included nodes: Set(C:\Users\Nicolas\Documents\Fol.io-Backend\app\models\entities\FolIO.scala)
Invalidated by transitive inheritance dependency: Set(C:\Users\Nicolas\Documents\Fol.io-Backend\app\models\entities\FolIO.scala)
The C:\Users\Nicolas\Documents\Fol.io-Backend\app\models\entities\FolIO.scala source file has the following regular definitions changed:
	unapply, participated, copy$default$12, <init>, apply, copy.
All member reference dependencies will be considered within this context.
The following modified names cause invalidation of C:\Users\Nicolas\Documents\Fol.io-Backend\app\models\daos\BaseDAO.scala: Set(<init>, apply)
None of the modified names appears in C:\Users\Nicolas\Documents\Fol.io-Backend\app\messages\responses\Response.scala. This dependency is not being considered for invalidation.
The following modified names cause invalidation of C:\Users\Nicolas\Documents\Fol.io-Backend\app\controllers\FolIOController.scala: Set(<init>, apply)
The following modified names cause invalidation of C:\Users\Nicolas\Documents\Fol.io-Backend\app\actors\ActorDBUsers.scala: Set(<init>, apply)
The following modified names cause invalidation of C:\Users\Nicolas\Documents\Fol.io-Backend\app\models\persistence\SlickTables.scala: Set(participated, <init>, apply)
The following modified names cause invalidation of C:\Users\Nicolas\Documents\Fol.io-Backend\app\actors\ActorNode.scala: Set(<init>, apply)
Invalidating C:\Users\Nicolas\Documents\Fol.io-Backend\app\models\persistence\SlickTables.scala...
Invalidating (transitively) by inheritance from C:\Users\Nicolas\Documents\Fol.io-Backend\app\models\persistence\SlickTables.scala...
Initial set of included nodes: Set(C:\Users\Nicolas\Documents\Fol.io-Backend\app\models\persistence\SlickTables.scala)
Invalidated by transitive inheritance dependency: Set(C:\Users\Nicolas\Documents\Fol.io-Backend\app\models\persistence\SlickTables.scala)
The C:\Users\Nicolas\Documents\Fol.io-Backend\app\models\persistence\SlickTables.scala source file has the following regular definitions changed:
	participated.
All member reference dependencies will be considered within this context.
None of the modified names appears in C:\Users\Nicolas\Documents\Fol.io-Backend\app\models\daos\BaseDAO.scala. This dependency is not being considered for invalidation.
None of the modified names appears in C:\Users\Nicolas\Documents\Fol.io-Backend\app\Module.scala. This dependency is not being considered for invalidation.
New invalidations:
	Set(C:\Users\Nicolas\Documents\Fol.io-Backend\app\models\daos\BaseDAO.scala, C:\Users\Nicolas\Documents\Fol.io-Backend\app\controllers\FolIOController.scala, C:\Users\Nicolas\Documents\Fol.io-Backend\app\actors\ActorDBUsers.scala, C:\Users\Nicolas\Documents\Fol.io-Backend\app\actors\ActorNode.scala)
Initial set of included nodes: Set(C:\Users\Nicolas\Documents\Fol.io-Backend\app\models\daos\BaseDAO.scala, C:\Users\Nicolas\Documents\Fol.io-Backend\app\controllers\FolIOController.scala, C:\Users\Nicolas\Documents\Fol.io-Backend\app\actors\ActorDBUsers.scala, C:\Users\Nicolas\Documents\Fol.io-Backend\app\actors\ActorNode.scala)
Including C:\Users\Nicolas\Documents\Fol.io-Backend\app\actors\ActorDBUsers.scala by C:\Users\Nicolas\Documents\Fol.io-Backend\app\models\daos\BaseDAO.scala
Including C:\Users\Nicolas\Documents\Fol.io-Backend\app\controllers\FolIOController.scala by C:\Users\Nicolas\Documents\Fol.io-Backend\app\actors\ActorDBUsers.scala
Including C:\Users\Nicolas\Documents\Fol.io-Backend\target\scala-2.11\routes\main\router\Routes.scala by C:\Users\Nicolas\Documents\Fol.io-Backend\app\controllers\FolIOController.scala
Including C:\Users\Nicolas\Documents\Fol.io-Backend\app\Module.scala by C:\Users\Nicolas\Documents\Fol.io-Backend\app\models\daos\BaseDAO.scala
Including C:\Users\Nicolas\Documents\Fol.io-Backend\app\actors\ActorNode.scala by C:\Users\Nicolas\Documents\Fol.io-Backend\app\models\daos\BaseDAO.scala
Previously invalidated, but (transitively) depend on new invalidations:
	Set()
All newly invalidated sources after taking into account (previously) recompiled sources:Set(C:\Users\Nicolas\Documents\Fol.io-Backend\app\models\daos\BaseDAO.scala, C:\Users\Nicolas\Documents\Fol.io-Backend\app\controllers\FolIOController.scala, C:\Users\Nicolas\Documents\Fol.io-Backend\app\actors\ActorNode.scala)
Read from stdout: Compiling 4 Scala sources to C:\Users\Nicolas\Documents\Fol.io-Backend\target\scala-2.11\classes...
Compiling 4 Scala sources to C:\Users\Nicolas\Documents\Fol.io-Backend\target\scala-2.11\classes...
Getting compiler-interface from component compiler for Scala 2.11.7
Other repositories:
Default repositories:
Getting compiler-interface from component compiler for Scala 2.11.7
Other repositories:
Default repositories:
Running cached compiler 6c364a56, interfacing (CompilerInterface) with Scala compiler version 2.11.7
Calling Scala compiler with arguments  (CompilerInterface):
	-deprecation
	-unchecked
	-encoding
	utf8
	-bootclasspath
	C:\Program Files\Java\jdk1.8.0_91\jre\lib\resources.jar;C:\Program Files\Java\jdk1.8.0_91\jre\lib\rt.jar;C:\Program Files\Java\jdk1.8.0_91\jre\lib\sunrsasign.jar;C:\Program Files\Java\jdk1.8.0_91\jre\lib\jsse.jar;C:\Program Files\Java\jdk1.8.0_91\jre\lib\jce.jar;C:\Program Files\Java\jdk1.8.0_91\jre\lib\charsets.jar;C:\Program Files\Java\jdk1.8.0_91\jre\lib\jfr.jar;C:\Program Files\Java\jdk1.8.0_91\jre\classes;C:\Users\Nicolas\.ivy2\cache\org.scala-lang\scala-library\jars\scala-library-2.11.7.jar
	-classpath
	C:\Users\Nicolas\Documents\Fol.io-Backend\target\scala-2.11\classes;C:\Users\Nicolas\Desktop\scalparo\activator-dist-1.3.10\repository\com.typesafe.play\twirl-api_2.11\1.1.1\jars\twirl-api_2.11.jar;C:\Users\Nicolas\Desktop\activator-dist-1.3.10\repository\org.apache.commons\commons-lang3\3.4\jars\commons-lang3.jar;C:\Users\Nicolas\.ivy2\cache\org.scala-lang.modules\scala-xml_2.11\bundles\scala-xml_2.11-1.0.1.jar;C:\Users\Nicolas\.ivy2\cache\com.typesafe.play\play-server_2.11\jars\play-server_2.11-2.5.0.jar;C:\Users\Nicolas\.ivy2\cache\com.typesafe.play\play_2.11\jars\play_2.11-2.5.0.jar;C:\Users\Nicolas\.ivy2\cache\com.typesafe.play\build-link\jars\build-link-2.5.0.jar;C:\Users\Nicolas\.ivy2\cache\com.typesafe.play\play-exceptions\jars\play-exceptions-2.5.0.jar;C:\Users\Nicolas\.ivy2\cache\com.typesafe.play\play-iteratees_2.11\jars\play-iteratees_2.11-2.5.0.jar;C:\Users\Nicolas\.ivy2\cache\org.scala-stm\scala-stm_2.11\jars\scala-stm_2.11-0.7.jar;C:\Users\Nicolas\Desktop\activator-dist-1.3.10\repository\com.typesafe\config\1.3.0\bundles\config.jar;C:\Users\Nicolas\.ivy2\cache\com.typesafe.play\play-json_2.11\jars\play-json_2.11-2.5.0.jar;C:\Users\Nicolas\.ivy2\cache\com.typesafe.play\play-functional_2.11\jars\play-functional_2.11-2.5.0.jar;C:\Users\Nicolas\.ivy2\cache\com.typesafe.play\play-datacommons_2.11\jars\play-datacommons_2.11-2.5.0.jar;C:\Users\Nicolas\.ivy2\cache\joda-time\joda-time\jars\joda-time-2.9.2.jar;C:\Users\Nicolas\.ivy2\cache\org.joda\joda-convert\jars\joda-convert-1.8.1.jar;C:\Users\Nicolas\.ivy2\cache\org.scala-lang\scala-reflect\jars\scala-reflect-2.11.7.jar;C:\Users\Nicolas\.ivy2\cache\com.fasterxml.jackson.core\jackson-core\bundles\jackson-core-2.7.1.jar;C:\Users\Nicolas\.ivy2\cache\com.fasterxml.jackson.core\jackson-annotations\bundles\jackson-annotations-2.7.1.jar;C:\Users\Nicolas\.ivy2\cache\com.fasterxml.jackson.core\jackson-databind\bundles\jackson-databind-2.7.1.jar;C:\Users\Nicolas\.ivy2\cache\com.fasterxml.jackson.datatype\jackson-datatype-jdk8\bundles\jackson-datatype-jdk8-2.7.1.jar;C:\Users\Nicolas\.ivy2\cache\com.fasterxml.jackson.datatype\jackson-datatype-jsr310\bundles\jackson-datatype-jsr310-2.7.1.jar;C:\Users\Nicolas\.ivy2\cache\com.typesafe.play\play-netty-utils\jars\play-netty-utils-2.5.0.jar;C:\Users\Nicolas\.ivy2\cache\org.slf4j\slf4j-api\jars\slf4j-api-1.7.16.jar;C:\Users\Nicolas\.ivy2\cache\org.slf4j\jul-to-slf4j\jars\jul-to-slf4j-1.7.16.jar;C:\Users\Nicolas\.ivy2\cache\org.slf4j\jcl-over-slf4j\jars\jcl-over-slf4j-1.7.16.jar;C:\Users\Nicolas\.ivy2\cache\com.typesafe.play\play-streams_2.11\jars\play-streams_2.11-2.5.0.jar;C:\Users\Nicolas\Desktop\scalparo\activator-dist-1.3.10\repository\org.reactivestreams\reactive-streams\1.0.0\jars\reactive-streams.jar;C:\Users\Nicolas\.ivy2\cache\com.typesafe.akka\akka-stream_2.11\jars\akka-stream_2.11-2.4.2.jar;C:\Users\Nicolas\.ivy2\cache\com.typesafe.akka\akka-actor_2.11\jars\akka-actor_2.11-2.4.2.jar;C:\Users\Nicolas\.ivy2\cache\org.scala-lang.modules\scala-java8-compat_2.11\bundles\scala-java8-compat_2.11-0.7.0.jar;C:\Users\Nicolas\.ivy2\cache\com.typesafe\ssl-config-akka_2.11\bundles\ssl-config-akka_2.11-0.1.3.jar;C:\Users\Nicolas\.ivy2\cache\com.typesafe\ssl-config-core_2.11\bundles\ssl-config-core_2.11-0.1.3.jar;C:\Users\Nicolas\.ivy2\cache\org.scala-lang.modules\scala-parser-combinators_2.11\bundles\scala-parser-combinators_2.11-1.0.4.jar;C:\Users\Nicolas\.ivy2\cache\com.typesafe.akka\akka-slf4j_2.11\jars\akka-slf4j_2.11-2.4.2.jar;C:\Users\Nicolas\Desktop\scalparo\activator-dist-1.3.10\repository\commons-codec\commons-codec\1.10\jars\commons-codec.jar;C:\Users\Nicolas\.ivy2\cache\xerces\xercesImpl\jars\xercesImpl-2.11.0.jar;C:\Users\Nicolas\.ivy2\cache\xml-apis\xml-apis\jars\xml-apis-1.4.01.jar;C:\Users\Nicolas\.ivy2\cache\javax.transaction\jta\jars\jta-1.1.jar;C:\Users\Nicolas\Desktop\scalparo\activator-dist-1.3.10\repository\com.google.inject\guice\4.0\jars\guice.jar;C:\Users\Nicolas\Desktop\activator-dist-1.3.10\repository\javax.inject\javax.inject\1\jars\javax.inject.jar;C:\Users\Nicolas\Desktop\activator-dist-1.3.10\repository\aopalliance\aopalliance\1.0\jars\aopalliance.jar;C:\Users\Nicolas\Desktop\scalparo\activator-dist-1.3.10\repository\com.google.inject.extensions\guice-assistedinject\4.0\jars\guice-assistedinject.jar;C:\Users\Nicolas\.ivy2\cache\com.typesafe.play\play-netty-server_2.11\jars\play-netty-server_2.11-2.5.0.jar;C:\Users\Nicolas\.ivy2\cache\com.typesafe.netty\netty-reactive-streams-http\jars\netty-reactive-streams-http-1.0.2.jar;C:\Users\Nicolas\.ivy2\cache\com.typesafe.netty\netty-reactive-streams\jars\netty-reactive-streams-1.0.2.jar;C:\Users\Nicolas\.ivy2\cache\io.netty\netty-transport-native-epoll\jars\netty-transport-native-epoll-4.0.33.Final-linux-x86_64.jar;C:\Users\Nicolas\.ivy2\cache\com.typesafe.play\play-logback_2.11\jars\play-logback_2.11-2.5.0.jar;C:\Users\Nicolas\.ivy2\cache\ch.qos.logback\logback-core\jars\logback-core-1.1.4.jar;C:\Users\Nicolas\.ivy2\cache\ch.qos.logback\logback-classic\jars\logback-classic-1.1.4.jar;C:\Users\Nicolas\.ivy2\cache\com.typesafe.play\play-slick_2.11\jars\play-slick_2.11-1.1.1.jar;C:\Users\Nicolas\.ivy2\cache\com.typesafe.slick\slick_2.11\bundles\slick_2.11-3.1.0.jar;C:\Users\Nicolas\.ivy2\cache\com.typesafe.slick\slick-hikaricp_2.11\bundles\slick-hikaricp_2.11-3.1.0.jar;C:\Users\Nicolas\.ivy2\cache\com.zaxxer\HikariCP-java6\bundles\HikariCP-java6-2.3.7.jar;C:\Users\Nicolas\.ivy2\cache\com.typesafe.play\play-slick-evolutions_2.11\jars\play-slick-evolutions_2.11-1.1.1.jar;C:\Users\Nicolas\.ivy2\cache\com.typesafe.play\play-jdbc-evolutions_2.11\jars\play-jdbc-evolutions_2.11-2.5.0.jar;C:\Users\Nicolas\.ivy2\cache\com.typesafe.play\play-jdbc-api_2.11\jars\play-jdbc-api_2.11-2.5.0.jar;C:\Users\Nicolas\.ivy2\cache\com.h2database\h2\jars\h2-1.4.191.jar;C:\Users\Nicolas\.ivy2\cache\com.typesafe.play\play-cache_2.11\jars\play-cache_2.11-2.5.0.jar;C:\Users\Nicolas\.ivy2\cache\net.sf.ehcache\ehcache-core\jars\ehcache-core-2.6.11.jar;C:\Users\Nicolas\.ivy2\cache\com.typesafe.play\play-ws_2.11\jars\play-ws_2.11-2.5.0.jar;C:\Users\Nicolas\.ivy2\cache\com.google.guava\guava\bundles\guava-19.0.jar;C:\Users\Nicolas\.ivy2\cache\org.asynchttpclient\async-http-client\jars\async-http-client-2.0.0-RC9.jar;C:\Users\Nicolas\.ivy2\cache\io.netty\netty-codec-http\jars\netty-codec-http-4.0.34.Final.jar;C:\Users\Nicolas\.ivy2\cache\io.netty\netty-codec\jars\netty-codec-4.0.34.Final.jar;C:\Users\Nicolas\.ivy2\cache\io.netty\netty-transport\jars\netty-transport-4.0.34.Final.jar;C:\Users\Nicolas\.ivy2\cache\io.netty\netty-buffer\jars\netty-buffer-4.0.34.Final.jar;C:\Users\Nicolas\.ivy2\cache\io.netty\netty-common\jars\netty-common-4.0.34.Final.jar;C:\Users\Nicolas\.ivy2\cache\io.netty\netty-handler\jars\netty-handler-4.0.34.Final.jar;C:\Users\Nicolas\.ivy2\cache\org.asynchttpclient\netty-resolver-dns\jars\netty-resolver-dns-2.0.0-RC9.jar;C:\Users\Nicolas\.ivy2\cache\org.asynchttpclient\netty-resolver\jars\netty-resolver-2.0.0-RC9.jar;C:\Users\Nicolas\.ivy2\cache\org.asynchttpclient\netty-codec-dns\jars\netty-codec-dns-2.0.0-RC9.jar;C:\Users\Nicolas\.ivy2\cache\org.javassist\javassist\bundles\javassist-3.20.0-GA.jar;C:\Users\Nicolas\.ivy2\cache\oauth.signpost\signpost-core\jars\signpost-core-1.2.1.2.jar;C:\Users\Nicolas\.ivy2\cache\oauth.signpost\signpost-commonshttp4\jars\signpost-commonshttp4-1.2.1.2.jar;C:\Users\Nicolas\.ivy2\cache\org.apache.httpcomponents\httpcore\jars\httpcore-4.0.1.jar;C:\Users\Nicolas\.ivy2\cache\org.apache.httpcomponents\httpclient\jars\httpclient-4.0.1.jar;C:\Users\Nicolas\.ivy2\cache\commons-logging\commons-logging\jars\commons-logging-1.1.1.jar;C:\Users\Nicolas\.ivy2\cache\org.postgresql\postgresql\jars\postgresql-9.4-1201-jdbc41.jar
Read from stdout: C:\Users\Nicolas\Documents\Fol.io-Backend\app\models\daos\BaseDAO.scala:165: method current in object Play is deprecated: This is a static reference to application, use DI instead
C:\Users\Nicolas\Documents\Fol.io-Backend\app\models\daos\BaseDAO.scala:165: method current in object Play is deprecated: This is a static reference to application, use DI instead
Read from stdout: protected lazy val dbConfig: DatabaseConfig[JdbcProfile] = DatabaseConfigProvider.get[JdbcProfile](Play.current)
  protected lazy val dbConfig: DatabaseConfig[JdbcProfile] = DatabaseConfigProvider.get[JdbcProfile](Play.current)
Read from stdout: ^
                                                                                                          ^
Read from stdout: there were three feature warnings; re-run with -feature for details
there were three feature warnings; re-run with -feature for details
Read from stdout: two warnings found
two warnings found
Scala compilation took 4.236338364 s
New invalidations:
	Set()
Initial set of included nodes: Set()
Previously invalidated, but (transitively) depend on new invalidations:
	Set()
All newly invalidated sources after taking into account (previously) recompiled sources:Set()
Total time: 12 s, completed 01-07-2016 1:55:43
> server-post-command-cleanup
> server-handle-next-server-request
> jobStop 1
Evaluating tasks: *:jobStop
Running task... Cancel: sbt.server.ServerTaskCancellation@5cd5024e, check cycles: false
Total time: 0 s, completed 01-07-2016 1:55:43
> server-post-command-cleanup
> server-handle-next-server-request
> backgroundRun
Evaluating tasks: compile:backgroundRun
Running task... Cancel: sbt.server.ServerTaskCancellation@557f32d6, check cycles: false
Total time: 0 s, completed 01-07-2016 1:55:43
> server-post-command-cleanup
> server-handle-next-server-request
> test
Evaluating tasks: test:test
Running task... Cancel: sbt.server.ServerTaskCancellation@66b209ef, check cycles: false

Initial source changes: 
	removed:Set()
	added: Set()
	modified: Set()
Removed products: Set()
External API changes: API Changes: Set()
Modified binary dependencies: Set()
Initial directly invalidated sources: Set()

Sources indirectly invalidated by:
	product: Set()
	binary dep: Set()
	external source: Set()
All initially invalidated sources: Set()

Copy resource mappings: 
	(C:\Users\Nicolas\Documents\Fol.io-Backend\conf\application.conf,C:\Users\Nicolas\Documents\Fol.io-Backend\target\scala-2.11\classes\application.conf)
	(C:\Users\Nicolas\Documents\Fol.io-Backend\conf\evolutions,C:\Users\Nicolas\Documents\Fol.io-Backend\target\scala-2.11\classes\evolutions)
	(C:\Users\Nicolas\Documents\Fol.io-Backend\conf\logback.xml,C:\Users\Nicolas\Documents\Fol.io-Backend\target\scala-2.11\classes\logback.xml)
	(C:\Users\Nicolas\Documents\Fol.io-Backend\conf\routes,C:\Users\Nicolas\Documents\Fol.io-Backend\target\scala-2.11\classes\routes)
	(C:\Users\Nicolas\Documents\Fol.io-Backend\conf\evolutions\default,C:\Users\Nicolas\Documents\Fol.io-Backend\target\scala-2.11\classes\evolutions\default)
	(C:\Users\Nicolas\Documents\Fol.io-Backend\conf\evolutions\default\1.sql,C:\Users\Nicolas\Documents\Fol.io-Backend\target\scala-2.11\classes\evolutions\default\1.sql)

Initial source changes: 
	removed:Set()
	added: Set()
	modified: Set()
Removed products: Set()
External API changes: API Changes: Set()
Modified binary dependencies: Set()
Initial directly invalidated sources: Set()

Sources indirectly invalidated by:
	product: Set()
	binary dep: Set()
	external source: Set()
All initially invalidated sources: Set()

Copy resource mappings: 
	
Framework implementation 'org.scalacheck.ScalaCheckFramework' not present.
Framework implementation 'org.specs2.runner.Specs2Framework' not present.
Framework implementation 'org.specs2.runner.SpecsFramework' not present.
Framework implementation 'org.specs.runner.SpecsFramework' not present.
Subclass fingerprints: List((org.scalatest.Suite,false,org.scalatest.tools.Framework$$anon$1@330011c6), (junit.framework.TestCase,false,com.novocode.junit.JUnit3Fingerprint@18f3b672))
Annotation fingerprints: List((org.scalatest.WrapWith,false,org.scalatest.tools.Framework$$anon$2@e36df27), (org.junit.runner.RunWith,false,com.novocode.junit.RunWithFingerprint@7e081ef), (org.junit.Test,false,com.novocode.junit.JUnitFingerprint@345d2ef4))
Forking tests - parallelism = false
Create a single-thread test executor
Runner for org.scalatest.tools.Framework produced 1 initial tasks for 1 tests.
  Running TaskDef(ApplicationSpec, sbt.ForkMain$SubclassFingerscan@412b5cb0, false, [SuiteSelector])
Read from stdout: ApplicationSpec:
ApplicationSpec:
Read from stdout: Routes
Routes
akka://application/user/actorUsers
1
2
3
4
akka://application/user/actorUsers/$a
akka://application/user/actorUsers/$b
akka://application/user/actorUsers/$c
akka://application/user/actorUsers/$d
Read from stdout: - should send 404 on a bad request
- should send 404 on a bad request
    Produced 0 nested tasks and 1 events.
Runner for com.novocode.junit.JUnitFramework produced 0 initial tasks for 0 tests.
Read from stdout: ScalaTest
ScalaTest
Read from stdout: Run completed in 3 seconds, 951 milliseconds.
Read from stdout: Total number of tests run: 1
Read from stdout: Suites: completed 1, aborted 0
Read from stdout: Tests: succeeded 1, failed 0, canceled 0, ignored 0, pending 0
Read from stdout: All tests passed.
Run completed in 3 seconds, 951 milliseconds.
Total number of tests run: 1
Suites: completed 1, aborted 0
Tests: succeeded 1, failed 0, canceled 0, ignored 0, pending 0
All tests passed.
Summary for JUnit not available.
Read from stdout: Passed: Total 1, Failed 0, Errors 0, Passed 1
Passed: Total 1, Failed 0, Errors 0, Passed 1
Passed tests:
	ApplicationSpec
Total time: 5 s, completed 01-07-2016 1:55:48
> server-post-command-cleanup
> server-handle-next-server-request
> {file:/C:/Users/Nicolas/Documents/Fol.io-Backend/}root/*:playForkConfig
Evaluating tasks: *:playForkConfig
Running task... Cancel: sbt.server.ServerTaskCancellation@3a56a54c, check cycles: false
Total time: 0 s, completed 01-07-2016 1:55:48
> server-post-command-cleanup
> server-handle-next-server-request
> root/playForkNotifyStart http://localhost:9000
Evaluating tasks: *:playForkNotifyStart
Running task... Cancel: sbt.server.ServerTaskCancellation@3ab7f2bd, check cycles: false
Total time: 0 s, completed 01-07-2016 1:55:49
> server-post-command-cleanup
> server-handle-next-server-request
> {file:/C:/Users/Nicolas/Documents/Fol.io-Backend/}root/*:playForkReload
Evaluating tasks: *:playForkReload
Running task... Cancel: sbt.server.ServerTaskCancellation@16e636f5, check cycles: false

Initial source changes: 
	removed:Set()
	added: Set()
	modified: Set()
Removed products: Set()
External API changes: API Changes: Set()
Modified binary dependencies: Set()
Initial directly invalidated sources: Set()

Sources indirectly invalidated by:
	product: Set()
	binary dep: Set()
	external source: Set()
All initially invalidated sources: Set()

Copy resource mappings: 
	(C:\Users\Nicolas\Documents\Fol.io-Backend\conf\application.conf,C:\Users\Nicolas\Documents\Fol.io-Backend\target\scala-2.11\classes\application.conf)
	(C:\Users\Nicolas\Documents\Fol.io-Backend\conf\evolutions,C:\Users\Nicolas\Documents\Fol.io-Backend\target\scala-2.11\classes\evolutions)
	(C:\Users\Nicolas\Documents\Fol.io-Backend\conf\logback.xml,C:\Users\Nicolas\Documents\Fol.io-Backend\target\scala-2.11\classes\logback.xml)
	(C:\Users\Nicolas\Documents\Fol.io-Backend\conf\routes,C:\Users\Nicolas\Documents\Fol.io-Backend\target\scala-2.11\classes\routes)
	(C:\Users\Nicolas\Documents\Fol.io-Backend\conf\evolutions\default,C:\Users\Nicolas\Documents\Fol.io-Backend\target\scala-2.11\classes\evolutions\default)
	(C:\Users\Nicolas\Documents\Fol.io-Backend\conf\evolutions\default\1.sql,C:\Users\Nicolas\Documents\Fol.io-Backend\target\scala-2.11\classes\evolutions\default\1.sql)
Total time: 1 s, completed 01-07-2016 1:55:53
> server-post-command-cleanup
> server-handle-next-server-request
> compile
Evaluating tasks: compile:compile
Running task... Cancel: sbt.server.ServerTaskCancellation@177e2316, check cycles: false

Initial source changes: 
	removed:Set()
	added: Set()
	modified: Set(C:\Users\Nicolas\Documents\Fol.io-Backend\app\actors\ActorDBUsers.scala)
Removed products: Set()
External API changes: API Changes: Set()
Modified binary dependencies: Set()
Initial directly invalidated sources: Set(C:\Users\Nicolas\Documents\Fol.io-Backend\app\actors\ActorDBUsers.scala)

Sources indirectly invalidated by:
	product: Set()
	binary dep: Set()
	external source: Set()
All initially invalidated sources: Set(C:\Users\Nicolas\Documents\Fol.io-Backend\app\actors\ActorDBUsers.scala)

Read from stdout: Compiling 1 Scala source to C:\Users\Nicolas\Documents\Fol.io-Backend\target\scala-2.11\classes...
Compiling 1 Scala source to C:\Users\Nicolas\Documents\Fol.io-Backend\target\scala-2.11\classes...
Getting compiler-interface from component compiler for Scala 2.11.7
Other repositories:
Default repositories:
Getting compiler-interface from component compiler for Scala 2.11.7
Other repositories:
Default repositories:
Running cached compiler 3e1b168d, interfacing (CompilerInterface) with Scala compiler version 2.11.7
Calling Scala compiler with arguments  (CompilerInterface):
	-deprecation
	-unchecked
	-encoding
	utf8
	-bootclasspath
	C:\Program Files\Java\jdk1.8.0_91\jre\lib\resources.jar;C:\Program Files\Java\jdk1.8.0_91\jre\lib\rt.jar;C:\Program Files\Java\jdk1.8.0_91\jre\lib\sunrsasign.jar;C:\Program Files\Java\jdk1.8.0_91\jre\lib\jsse.jar;C:\Program Files\Java\jdk1.8.0_91\jre\lib\jce.jar;C:\Program Files\Java\jdk1.8.0_91\jre\lib\charsets.jar;C:\Program Files\Java\jdk1.8.0_91\jre\lib\jfr.jar;C:\Program Files\Java\jdk1.8.0_91\jre\classes;C:\Users\Nicolas\.ivy2\cache\org.scala-lang\scala-library\jars\scala-library-2.11.7.jar
	-classpath
	C:\Users\Nicolas\Documents\Fol.io-Backend\target\scala-2.11\classes;C:\Users\Nicolas\Desktop\scalparo\activator-dist-1.3.10\repository\com.typesafe.play\twirl-api_2.11\1.1.1\jars\twirl-api_2.11.jar;C:\Users\Nicolas\Desktop\activator-dist-1.3.10\repository\org.apache.commons\commons-lang3\3.4\jars\commons-lang3.jar;C:\Users\Nicolas\.ivy2\cache\org.scala-lang.modules\scala-xml_2.11\bundles\scala-xml_2.11-1.0.1.jar;C:\Users\Nicolas\.ivy2\cache\com.typesafe.play\play-server_2.11\jars\play-server_2.11-2.5.0.jar;C:\Users\Nicolas\.ivy2\cache\com.typesafe.play\play_2.11\jars\play_2.11-2.5.0.jar;C:\Users\Nicolas\.ivy2\cache\com.typesafe.play\build-link\jars\build-link-2.5.0.jar;C:\Users\Nicolas\.ivy2\cache\com.typesafe.play\play-exceptions\jars\play-exceptions-2.5.0.jar;C:\Users\Nicolas\.ivy2\cache\com.typesafe.play\play-iteratees_2.11\jars\play-iteratees_2.11-2.5.0.jar;C:\Users\Nicolas\.ivy2\cache\org.scala-stm\scala-stm_2.11\jars\scala-stm_2.11-0.7.jar;C:\Users\Nicolas\Desktop\activator-dist-1.3.10\repository\com.typesafe\config\1.3.0\bundles\config.jar;C:\Users\Nicolas\.ivy2\cache\com.typesafe.play\play-json_2.11\jars\play-json_2.11-2.5.0.jar;C:\Users\Nicolas\.ivy2\cache\com.typesafe.play\play-functional_2.11\jars\play-functional_2.11-2.5.0.jar;C:\Users\Nicolas\.ivy2\cache\com.typesafe.play\play-datacommons_2.11\jars\play-datacommons_2.11-2.5.0.jar;C:\Users\Nicolas\.ivy2\cache\joda-time\joda-time\jars\joda-time-2.9.2.jar;C:\Users\Nicolas\.ivy2\cache\org.joda\joda-convert\jars\joda-convert-1.8.1.jar;C:\Users\Nicolas\.ivy2\cache\org.scala-lang\scala-reflect\jars\scala-reflect-2.11.7.jar;C:\Users\Nicolas\.ivy2\cache\com.fasterxml.jackson.core\jackson-core\bundles\jackson-core-2.7.1.jar;C:\Users\Nicolas\.ivy2\cache\com.fasterxml.jackson.core\jackson-annotations\bundles\jackson-annotations-2.7.1.jar;C:\Users\Nicolas\.ivy2\cache\com.fasterxml.jackson.core\jackson-databind\bundles\jackson-databind-2.7.1.jar;C:\Users\Nicolas\.ivy2\cache\com.fasterxml.jackson.datatype\jackson-datatype-jdk8\bundles\jackson-datatype-jdk8-2.7.1.jar;C:\Users\Nicolas\.ivy2\cache\com.fasterxml.jackson.datatype\jackson-datatype-jsr310\bundles\jackson-datatype-jsr310-2.7.1.jar;C:\Users\Nicolas\.ivy2\cache\com.typesafe.play\play-netty-utils\jars\play-netty-utils-2.5.0.jar;C:\Users\Nicolas\.ivy2\cache\org.slf4j\slf4j-api\jars\slf4j-api-1.7.16.jar;C:\Users\Nicolas\.ivy2\cache\org.slf4j\jul-to-slf4j\jars\jul-to-slf4j-1.7.16.jar;C:\Users\Nicolas\.ivy2\cache\org.slf4j\jcl-over-slf4j\jars\jcl-over-slf4j-1.7.16.jar;C:\Users\Nicolas\.ivy2\cache\com.typesafe.play\play-streams_2.11\jars\play-streams_2.11-2.5.0.jar;C:\Users\Nicolas\Desktop\scalparo\activator-dist-1.3.10\repository\org.reactivestreams\reactive-streams\1.0.0\jars\reactive-streams.jar;C:\Users\Nicolas\.ivy2\cache\com.typesafe.akka\akka-stream_2.11\jars\akka-stream_2.11-2.4.2.jar;C:\Users\Nicolas\.ivy2\cache\com.typesafe.akka\akka-actor_2.11\jars\akka-actor_2.11-2.4.2.jar;C:\Users\Nicolas\.ivy2\cache\org.scala-lang.modules\scala-java8-compat_2.11\bundles\scala-java8-compat_2.11-0.7.0.jar;C:\Users\Nicolas\.ivy2\cache\com.typesafe\ssl-config-akka_2.11\bundles\ssl-config-akka_2.11-0.1.3.jar;C:\Users\Nicolas\.ivy2\cache\com.typesafe\ssl-config-core_2.11\bundles\ssl-config-core_2.11-0.1.3.jar;C:\Users\Nicolas\.ivy2\cache\org.scala-lang.modules\scala-parser-combinators_2.11\bundles\scala-parser-combinators_2.11-1.0.4.jar;C:\Users\Nicolas\.ivy2\cache\com.typesafe.akka\akka-slf4j_2.11\jars\akka-slf4j_2.11-2.4.2.jar;C:\Users\Nicolas\Desktop\scalparo\activator-dist-1.3.10\repository\commons-codec\commons-codec\1.10\jars\commons-codec.jar;C:\Users\Nicolas\.ivy2\cache\xerces\xercesImpl\jars\xercesImpl-2.11.0.jar;C:\Users\Nicolas\.ivy2\cache\xml-apis\xml-apis\jars\xml-apis-1.4.01.jar;C:\Users\Nicolas\.ivy2\cache\javax.transaction\jta\jars\jta-1.1.jar;C:\Users\Nicolas\Desktop\scalparo\activator-dist-1.3.10\repository\com.google.inject\guice\4.0\jars\guice.jar;C:\Users\Nicolas\Desktop\activator-dist-1.3.10\repository\javax.inject\javax.inject\1\jars\javax.inject.jar;C:\Users\Nicolas\Desktop\activator-dist-1.3.10\repository\aopalliance\aopalliance\1.0\jars\aopalliance.jar;C:\Users\Nicolas\Desktop\scalparo\activator-dist-1.3.10\repository\com.google.inject.extensions\guice-assistedinject\4.0\jars\guice-assistedinject.jar;C:\Users\Nicolas\.ivy2\cache\com.typesafe.play\play-netty-server_2.11\jars\play-netty-server_2.11-2.5.0.jar;C:\Users\Nicolas\.ivy2\cache\com.typesafe.netty\netty-reactive-streams-http\jars\netty-reactive-streams-http-1.0.2.jar;C:\Users\Nicolas\.ivy2\cache\com.typesafe.netty\netty-reactive-streams\jars\netty-reactive-streams-1.0.2.jar;C:\Users\Nicolas\.ivy2\cache\io.netty\netty-transport-native-epoll\jars\netty-transport-native-epoll-4.0.33.Final-linux-x86_64.jar;C:\Users\Nicolas\.ivy2\cache\com.typesafe.play\play-logback_2.11\jars\play-logback_2.11-2.5.0.jar;C:\Users\Nicolas\.ivy2\cache\ch.qos.logback\logback-core\jars\logback-core-1.1.4.jar;C:\Users\Nicolas\.ivy2\cache\ch.qos.logback\logback-classic\jars\logback-classic-1.1.4.jar;C:\Users\Nicolas\.ivy2\cache\com.typesafe.play\play-slick_2.11\jars\play-slick_2.11-1.1.1.jar;C:\Users\Nicolas\.ivy2\cache\com.typesafe.slick\slick_2.11\bundles\slick_2.11-3.1.0.jar;C:\Users\Nicolas\.ivy2\cache\com.typesafe.slick\slick-hikaricp_2.11\bundles\slick-hikaricp_2.11-3.1.0.jar;C:\Users\Nicolas\.ivy2\cache\com.zaxxer\HikariCP-java6\bundles\HikariCP-java6-2.3.7.jar;C:\Users\Nicolas\.ivy2\cache\com.typesafe.play\play-slick-evolutions_2.11\jars\play-slick-evolutions_2.11-1.1.1.jar;C:\Users\Nicolas\.ivy2\cache\com.typesafe.play\play-jdbc-evolutions_2.11\jars\play-jdbc-evolutions_2.11-2.5.0.jar;C:\Users\Nicolas\.ivy2\cache\com.typesafe.play\play-jdbc-api_2.11\jars\play-jdbc-api_2.11-2.5.0.jar;C:\Users\Nicolas\.ivy2\cache\com.h2database\h2\jars\h2-1.4.191.jar;C:\Users\Nicolas\.ivy2\cache\com.typesafe.play\play-cache_2.11\jars\play-cache_2.11-2.5.0.jar;C:\Users\Nicolas\.ivy2\cache\net.sf.ehcache\ehcache-core\jars\ehcache-core-2.6.11.jar;C:\Users\Nicolas\.ivy2\cache\com.typesafe.play\play-ws_2.11\jars\play-ws_2.11-2.5.0.jar;C:\Users\Nicolas\.ivy2\cache\com.google.guava\guava\bundles\guava-19.0.jar;C:\Users\Nicolas\.ivy2\cache\org.asynchttpclient\async-http-client\jars\async-http-client-2.0.0-RC9.jar;C:\Users\Nicolas\.ivy2\cache\io.netty\netty-codec-http\jars\netty-codec-http-4.0.34.Final.jar;C:\Users\Nicolas\.ivy2\cache\io.netty\netty-codec\jars\netty-codec-4.0.34.Final.jar;C:\Users\Nicolas\.ivy2\cache\io.netty\netty-transport\jars\netty-transport-4.0.34.Final.jar;C:\Users\Nicolas\.ivy2\cache\io.netty\netty-buffer\jars\netty-buffer-4.0.34.Final.jar;C:\Users\Nicolas\.ivy2\cache\io.netty\netty-common\jars\netty-common-4.0.34.Final.jar;C:\Users\Nicolas\.ivy2\cache\io.netty\netty-handler\jars\netty-handler-4.0.34.Final.jar;C:\Users\Nicolas\.ivy2\cache\org.asynchttpclient\netty-resolver-dns\jars\netty-resolver-dns-2.0.0-RC9.jar;C:\Users\Nicolas\.ivy2\cache\org.asynchttpclient\netty-resolver\jars\netty-resolver-2.0.0-RC9.jar;C:\Users\Nicolas\.ivy2\cache\org.asynchttpclient\netty-codec-dns\jars\netty-codec-dns-2.0.0-RC9.jar;C:\Users\Nicolas\.ivy2\cache\org.javassist\javassist\bundles\javassist-3.20.0-GA.jar;C:\Users\Nicolas\.ivy2\cache\oauth.signpost\signpost-core\jars\signpost-core-1.2.1.2.jar;C:\Users\Nicolas\.ivy2\cache\oauth.signpost\signpost-commonshttp4\jars\signpost-commonshttp4-1.2.1.2.jar;C:\Users\Nicolas\.ivy2\cache\org.apache.httpcomponents\httpcore\jars\httpcore-4.0.1.jar;C:\Users\Nicolas\.ivy2\cache\org.apache.httpcomponents\httpclient\jars\httpclient-4.0.1.jar;C:\Users\Nicolas\.ivy2\cache\commons-logging\commons-logging\jars\commons-logging-1.1.1.jar;C:\Users\Nicolas\.ivy2\cache\org.postgresql\postgresql\jars\postgresql-9.4-1201-jdbc41.jar
Read from stdout: there were two feature warnings; re-run with -feature for details
there were two feature warnings; re-run with -feature for details
Read from stdout: one warning found
one warning found
Scala compilation took 1.061471881 s
New invalidations:
	Set()
Initial set of included nodes: Set()
Previously invalidated, but (transitively) depend on new invalidations:
	Set()
All newly invalidated sources after taking into account (previously) recompiled sources:Set()
Total time: 1 s, completed 01-07-2016 2:05:25
> server-post-command-cleanup
> server-handle-next-server-request
> jobStop 2
Evaluating tasks: *:jobStop
Running task... Cancel: sbt.server.ServerTaskCancellation@69771d25, check cycles: false
Total time: 0 s, completed 01-07-2016 2:06:46
> server-post-command-cleanup
> server-handle-next-server-request
> backgroundRun
Evaluating tasks: compile:backgroundRun
Running task... Cancel: sbt.server.ServerTaskCancellation@665c3dd6, check cycles: false
Total time: 0 s, completed 01-07-2016 2:07:10
> server-post-command-cleanup
> server-handle-next-server-request
> {file:/C:/Users/Nicolas/Documents/Fol.io-Backend/}root/*:playForkConfig
Evaluating tasks: *:playForkConfig
Running task... Cancel: sbt.server.ServerTaskCancellation@483d8070, check cycles: false
Total time: 0 s, completed 01-07-2016 2:07:12
> server-post-command-cleanup
> server-handle-next-server-request
> root/playForkNotifyStart http://localhost:9000
Evaluating tasks: *:playForkNotifyStart
Running task... Cancel: sbt.server.ServerTaskCancellation@447e6656, check cycles: false
Total time: 0 s, completed 01-07-2016 2:07:13
> server-post-command-cleanup
> server-handle-next-server-request
> {file:/C:/Users/Nicolas/Documents/Fol.io-Backend/}root/*:playForkReload
Evaluating tasks: *:playForkReload
Running task... Cancel: sbt.server.ServerTaskCancellation@6d010e1, check cycles: false

Initial source changes: 
	removed:Set()
	added: Set()
	modified: Set()
Removed products: Set()
External API changes: API Changes: Set()
Modified binary dependencies: Set()
Initial directly invalidated sources: Set()

Sources indirectly invalidated by:
	product: Set()
	binary dep: Set()
	external source: Set()
All initially invalidated sources: Set()

Copy resource mappings: 
	(C:\Users\Nicolas\Documents\Fol.io-Backend\conf\application.conf,C:\Users\Nicolas\Documents\Fol.io-Backend\target\scala-2.11\classes\application.conf)
	(C:\Users\Nicolas\Documents\Fol.io-Backend\conf\evolutions,C:\Users\Nicolas\Documents\Fol.io-Backend\target\scala-2.11\classes\evolutions)
	(C:\Users\Nicolas\Documents\Fol.io-Backend\conf\logback.xml,C:\Users\Nicolas\Documents\Fol.io-Backend\target\scala-2.11\classes\logback.xml)
	(C:\Users\Nicolas\Documents\Fol.io-Backend\conf\routes,C:\Users\Nicolas\Documents\Fol.io-Backend\target\scala-2.11\classes\routes)
	(C:\Users\Nicolas\Documents\Fol.io-Backend\conf\evolutions\default,C:\Users\Nicolas\Documents\Fol.io-Backend\target\scala-2.11\classes\evolutions\default)
	(C:\Users\Nicolas\Documents\Fol.io-Backend\conf\evolutions\default\1.sql,C:\Users\Nicolas\Documents\Fol.io-Backend\target\scala-2.11\classes\evolutions\default\1.sql)
Total time: 1 s, completed 01-07-2016 2:07:18
> server-post-command-cleanup
> server-handle-next-server-request
> jobStop 3
Evaluating tasks: *:jobStop
Running task... Cancel: sbt.server.ServerTaskCancellation@19d649f7, check cycles: false
Total time: 0 s, completed 01-07-2016 2:08:09
> server-post-command-cleanup
> server-handle-next-server-request
> jobStop 3
Evaluating tasks: *:jobStop
Running task... Cancel: sbt.server.ServerTaskCancellation@359325a7, check cycles: false
Exception in thread "sbt-bg-threads-3" java.lang.Error: java.lang.InterruptedException: sleep interrupted
	at java.util.concurrent.ThreadPoolExecutor.runWorker(ThreadPoolExecutor.java:1148)
	at java.util.concurrent.ThreadPoolExecutor$Worker.run(ThreadPoolExecutor.java:617)
	at java.lang.Thread.run(Thread.java:745)
Caused by: java.lang.InterruptedException: sleep interrupted
	at java.lang.Thread.sleep(Native Method)
	at play.sbt.forkrun.PlayForkProcess$.timedWaitFor(PlayForkProcess.scala:80)
	at play.sbt.forkrun.PlayForkProcess$.play$sbt$forkrun$PlayForkProcess$$stop$1(PlayForkProcess.scala:54)
	at play.sbt.forkrun.PlayForkProcess$.run(PlayForkProcess.scala:70)
	at play.sbt.forkrun.PlayForkProcess$.apply(PlayForkProcess.scala:35)
	at play.sbt.forkrun.PlayForkRun$$anonfun$backgroundForkRunTask$1$$anonfun$apply$7$$anonfun$apply$8$$anonfun$apply$9.apply(PlayForkRun.scala:108)
	at play.sbt.forkrun.PlayForkRun$$anonfun$backgroundForkRunTask$1$$anonfun$apply$7$$anonfun$apply$8$$anonfun$apply$9.apply(PlayForkRun.scala:107)
	at sbt.BackgroundThreadPool$$anonfun$1.apply$mcV$sp(AbstractBackgroundJobService.scala:134)
	at sbt.BackgroundThreadPool$BackgroundRunnable.run(AbstractBackgroundJobService.scala:68)
	at java.util.concurrent.ThreadPoolExecutor.runWorker(ThreadPoolExecutor.java:1142)
	... 2 more
Total time: 0 s, completed 01-07-2016 2:08:16
> server-post-command-cleanup
> server-handle-next-server-request
> backgroundRun
Evaluating tasks: compile:backgroundRun
Running task... Cancel: sbt.server.ServerTaskCancellation@7c4febb9, check cycles: false
Total time: 0 s, completed 01-07-2016 2:08:20
> server-post-command-cleanup
> server-handle-next-server-request
> {file:/C:/Users/Nicolas/Documents/Fol.io-Backend/}root/*:playForkConfig
Evaluating tasks: *:playForkConfig
Running task... Cancel: sbt.server.ServerTaskCancellation@36b35ca1, check cycles: false
Total time: 0 s, completed 01-07-2016 2:08:21
> server-post-command-cleanup
> server-handle-next-server-request
> root/playForkNotifyStart http://localhost:9000
Evaluating tasks: *:playForkNotifyStart
Running task... Cancel: sbt.server.ServerTaskCancellation@110ae3d1, check cycles: false
Total time: 0 s, completed 01-07-2016 2:08:23
> server-post-command-cleanup
> server-handle-next-server-request
> {file:/C:/Users/Nicolas/Documents/Fol.io-Backend/}root/*:playForkReload
Evaluating tasks: *:playForkReload
Running task... Cancel: sbt.server.ServerTaskCancellation@406b30d, check cycles: false

Initial source changes: 
	removed:Set()
	added: Set()
	modified: Set(C:\Users\Nicolas\Documents\Fol.io-Backend\app\actors\ActorNode.scala)
Removed products: Set()
External API changes: API Changes: Set()
Modified binary dependencies: Set()
Initial directly invalidated sources: Set(C:\Users\Nicolas\Documents\Fol.io-Backend\app\actors\ActorNode.scala)

Sources indirectly invalidated by:
	product: Set()
	binary dep: Set()
	external source: Set()
All initially invalidated sources: Set(C:\Users\Nicolas\Documents\Fol.io-Backend\app\actors\ActorNode.scala)

Read from stdout: Compiling 1 Scala source to C:\Users\Nicolas\Documents\Fol.io-Backend\target\scala-2.11\classes...
Compiling 1 Scala source to C:\Users\Nicolas\Documents\Fol.io-Backend\target\scala-2.11\classes...
Getting compiler-interface from component compiler for Scala 2.11.7
Other repositories:
Default repositories:
Getting compiler-interface from component compiler for Scala 2.11.7
Other repositories:
Default repositories:
Running cached compiler 9917e8b, interfacing (CompilerInterface) with Scala compiler version 2.11.7
Calling Scala compiler with arguments  (CompilerInterface):
	-deprecation
	-unchecked
	-encoding
	utf8
	-bootclasspath
	C:\Program Files\Java\jdk1.8.0_91\jre\lib\resources.jar;C:\Program Files\Java\jdk1.8.0_91\jre\lib\rt.jar;C:\Program Files\Java\jdk1.8.0_91\jre\lib\sunrsasign.jar;C:\Program Files\Java\jdk1.8.0_91\jre\lib\jsse.jar;C:\Program Files\Java\jdk1.8.0_91\jre\lib\jce.jar;C:\Program Files\Java\jdk1.8.0_91\jre\lib\charsets.jar;C:\Program Files\Java\jdk1.8.0_91\jre\lib\jfr.jar;C:\Program Files\Java\jdk1.8.0_91\jre\classes;C:\Users\Nicolas\.ivy2\cache\org.scala-lang\scala-library\jars\scala-library-2.11.7.jar
	-classpath
	C:\Users\Nicolas\Documents\Fol.io-Backend\target\scala-2.11\classes;C:\Users\Nicolas\Desktop\scalparo\activator-dist-1.3.10\repository\com.typesafe.play\twirl-api_2.11\1.1.1\jars\twirl-api_2.11.jar;C:\Users\Nicolas\Desktop\activator-dist-1.3.10\repository\org.apache.commons\commons-lang3\3.4\jars\commons-lang3.jar;C:\Users\Nicolas\.ivy2\cache\org.scala-lang.modules\scala-xml_2.11\bundles\scala-xml_2.11-1.0.1.jar;C:\Users\Nicolas\.ivy2\cache\com.typesafe.play\play-server_2.11\jars\play-server_2.11-2.5.0.jar;C:\Users\Nicolas\.ivy2\cache\com.typesafe.play\play_2.11\jars\play_2.11-2.5.0.jar;C:\Users\Nicolas\.ivy2\cache\com.typesafe.play\build-link\jars\build-link-2.5.0.jar;C:\Users\Nicolas\.ivy2\cache\com.typesafe.play\play-exceptions\jars\play-exceptions-2.5.0.jar;C:\Users\Nicolas\.ivy2\cache\com.typesafe.play\play-iteratees_2.11\jars\play-iteratees_2.11-2.5.0.jar;C:\Users\Nicolas\.ivy2\cache\org.scala-stm\scala-stm_2.11\jars\scala-stm_2.11-0.7.jar;C:\Users\Nicolas\Desktop\activator-dist-1.3.10\repository\com.typesafe\config\1.3.0\bundles\config.jar;C:\Users\Nicolas\.ivy2\cache\com.typesafe.play\play-json_2.11\jars\play-json_2.11-2.5.0.jar;C:\Users\Nicolas\.ivy2\cache\com.typesafe.play\play-functional_2.11\jars\play-functional_2.11-2.5.0.jar;C:\Users\Nicolas\.ivy2\cache\com.typesafe.play\play-datacommons_2.11\jars\play-datacommons_2.11-2.5.0.jar;C:\Users\Nicolas\.ivy2\cache\joda-time\joda-time\jars\joda-time-2.9.2.jar;C:\Users\Nicolas\.ivy2\cache\org.joda\joda-convert\jars\joda-convert-1.8.1.jar;C:\Users\Nicolas\.ivy2\cache\org.scala-lang\scala-reflect\jars\scala-reflect-2.11.7.jar;C:\Users\Nicolas\.ivy2\cache\com.fasterxml.jackson.core\jackson-core\bundles\jackson-core-2.7.1.jar;C:\Users\Nicolas\.ivy2\cache\com.fasterxml.jackson.core\jackson-annotations\bundles\jackson-annotations-2.7.1.jar;C:\Users\Nicolas\.ivy2\cache\com.fasterxml.jackson.core\jackson-databind\bundles\jackson-databind-2.7.1.jar;C:\Users\Nicolas\.ivy2\cache\com.fasterxml.jackson.datatype\jackson-datatype-jdk8\bundles\jackson-datatype-jdk8-2.7.1.jar;C:\Users\Nicolas\.ivy2\cache\com.fasterxml.jackson.datatype\jackson-datatype-jsr310\bundles\jackson-datatype-jsr310-2.7.1.jar;C:\Users\Nicolas\.ivy2\cache\com.typesafe.play\play-netty-utils\jars\play-netty-utils-2.5.0.jar;C:\Users\Nicolas\.ivy2\cache\org.slf4j\slf4j-api\jars\slf4j-api-1.7.16.jar;C:\Users\Nicolas\.ivy2\cache\org.slf4j\jul-to-slf4j\jars\jul-to-slf4j-1.7.16.jar;C:\Users\Nicolas\.ivy2\cache\org.slf4j\jcl-over-slf4j\jars\jcl-over-slf4j-1.7.16.jar;C:\Users\Nicolas\.ivy2\cache\com.typesafe.play\play-streams_2.11\jars\play-streams_2.11-2.5.0.jar;C:\Users\Nicolas\Desktop\scalparo\activator-dist-1.3.10\repository\org.reactivestreams\reactive-streams\1.0.0\jars\reactive-streams.jar;C:\Users\Nicolas\.ivy2\cache\com.typesafe.akka\akka-stream_2.11\jars\akka-stream_2.11-2.4.2.jar;C:\Users\Nicolas\.ivy2\cache\com.typesafe.akka\akka-actor_2.11\jars\akka-actor_2.11-2.4.2.jar;C:\Users\Nicolas\.ivy2\cache\org.scala-lang.modules\scala-java8-compat_2.11\bundles\scala-java8-compat_2.11-0.7.0.jar;C:\Users\Nicolas\.ivy2\cache\com.typesafe\ssl-config-akka_2.11\bundles\ssl-config-akka_2.11-0.1.3.jar;C:\Users\Nicolas\.ivy2\cache\com.typesafe\ssl-config-core_2.11\bundles\ssl-config-core_2.11-0.1.3.jar;C:\Users\Nicolas\.ivy2\cache\org.scala-lang.modules\scala-parser-combinators_2.11\bundles\scala-parser-combinators_2.11-1.0.4.jar;C:\Users\Nicolas\.ivy2\cache\com.typesafe.akka\akka-slf4j_2.11\jars\akka-slf4j_2.11-2.4.2.jar;C:\Users\Nicolas\Desktop\scalparo\activator-dist-1.3.10\repository\commons-codec\commons-codec\1.10\jars\commons-codec.jar;C:\Users\Nicolas\.ivy2\cache\xerces\xercesImpl\jars\xercesImpl-2.11.0.jar;C:\Users\Nicolas\.ivy2\cache\xml-apis\xml-apis\jars\xml-apis-1.4.01.jar;C:\Users\Nicolas\.ivy2\cache\javax.transaction\jta\jars\jta-1.1.jar;C:\Users\Nicolas\Desktop\scalparo\activator-dist-1.3.10\repository\com.google.inject\guice\4.0\jars\guice.jar;C:\Users\Nicolas\Desktop\activator-dist-1.3.10\repository\javax.inject\javax.inject\1\jars\javax.inject.jar;C:\Users\Nicolas\Desktop\activator-dist-1.3.10\repository\aopalliance\aopalliance\1.0\jars\aopalliance.jar;C:\Users\Nicolas\Desktop\scalparo\activator-dist-1.3.10\repository\com.google.inject.extensions\guice-assistedinject\4.0\jars\guice-assistedinject.jar;C:\Users\Nicolas\.ivy2\cache\com.typesafe.play\play-netty-server_2.11\jars\play-netty-server_2.11-2.5.0.jar;C:\Users\Nicolas\.ivy2\cache\com.typesafe.netty\netty-reactive-streams-http\jars\netty-reactive-streams-http-1.0.2.jar;C:\Users\Nicolas\.ivy2\cache\com.typesafe.netty\netty-reactive-streams\jars\netty-reactive-streams-1.0.2.jar;C:\Users\Nicolas\.ivy2\cache\io.netty\netty-transport-native-epoll\jars\netty-transport-native-epoll-4.0.33.Final-linux-x86_64.jar;C:\Users\Nicolas\.ivy2\cache\com.typesafe.play\play-logback_2.11\jars\play-logback_2.11-2.5.0.jar;C:\Users\Nicolas\.ivy2\cache\ch.qos.logback\logback-core\jars\logback-core-1.1.4.jar;C:\Users\Nicolas\.ivy2\cache\ch.qos.logback\logback-classic\jars\logback-classic-1.1.4.jar;C:\Users\Nicolas\.ivy2\cache\com.typesafe.play\play-slick_2.11\jars\play-slick_2.11-1.1.1.jar;C:\Users\Nicolas\.ivy2\cache\com.typesafe.slick\slick_2.11\bundles\slick_2.11-3.1.0.jar;C:\Users\Nicolas\.ivy2\cache\com.typesafe.slick\slick-hikaricp_2.11\bundles\slick-hikaricp_2.11-3.1.0.jar;C:\Users\Nicolas\.ivy2\cache\com.zaxxer\HikariCP-java6\bundles\HikariCP-java6-2.3.7.jar;C:\Users\Nicolas\.ivy2\cache\com.typesafe.play\play-slick-evolutions_2.11\jars\play-slick-evolutions_2.11-1.1.1.jar;C:\Users\Nicolas\.ivy2\cache\com.typesafe.play\play-jdbc-evolutions_2.11\jars\play-jdbc-evolutions_2.11-2.5.0.jar;C:\Users\Nicolas\.ivy2\cache\com.typesafe.play\play-jdbc-api_2.11\jars\play-jdbc-api_2.11-2.5.0.jar;C:\Users\Nicolas\.ivy2\cache\com.h2database\h2\jars\h2-1.4.191.jar;C:\Users\Nicolas\.ivy2\cache\com.typesafe.play\play-cache_2.11\jars\play-cache_2.11-2.5.0.jar;C:\Users\Nicolas\.ivy2\cache\net.sf.ehcache\ehcache-core\jars\ehcache-core-2.6.11.jar;C:\Users\Nicolas\.ivy2\cache\com.typesafe.play\play-ws_2.11\jars\play-ws_2.11-2.5.0.jar;C:\Users\Nicolas\.ivy2\cache\com.google.guava\guava\bundles\guava-19.0.jar;C:\Users\Nicolas\.ivy2\cache\org.asynchttpclient\async-http-client\jars\async-http-client-2.0.0-RC9.jar;C:\Users\Nicolas\.ivy2\cache\io.netty\netty-codec-http\jars\netty-codec-http-4.0.34.Final.jar;C:\Users\Nicolas\.ivy2\cache\io.netty\netty-codec\jars\netty-codec-4.0.34.Final.jar;C:\Users\Nicolas\.ivy2\cache\io.netty\netty-transport\jars\netty-transport-4.0.34.Final.jar;C:\Users\Nicolas\.ivy2\cache\io.netty\netty-buffer\jars\netty-buffer-4.0.34.Final.jar;C:\Users\Nicolas\.ivy2\cache\io.netty\netty-common\jars\netty-common-4.0.34.Final.jar;C:\Users\Nicolas\.ivy2\cache\io.netty\netty-handler\jars\netty-handler-4.0.34.Final.jar;C:\Users\Nicolas\.ivy2\cache\org.asynchttpclient\netty-resolver-dns\jars\netty-resolver-dns-2.0.0-RC9.jar;C:\Users\Nicolas\.ivy2\cache\org.asynchttpclient\netty-resolver\jars\netty-resolver-2.0.0-RC9.jar;C:\Users\Nicolas\.ivy2\cache\org.asynchttpclient\netty-codec-dns\jars\netty-codec-dns-2.0.0-RC9.jar;C:\Users\Nicolas\.ivy2\cache\org.javassist\javassist\bundles\javassist-3.20.0-GA.jar;C:\Users\Nicolas\.ivy2\cache\oauth.signpost\signpost-core\jars\signpost-core-1.2.1.2.jar;C:\Users\Nicolas\.ivy2\cache\oauth.signpost\signpost-commonshttp4\jars\signpost-commonshttp4-1.2.1.2.jar;C:\Users\Nicolas\.ivy2\cache\org.apache.httpcomponents\httpcore\jars\httpcore-4.0.1.jar;C:\Users\Nicolas\.ivy2\cache\org.apache.httpcomponents\httpclient\jars\httpclient-4.0.1.jar;C:\Users\Nicolas\.ivy2\cache\commons-logging\commons-logging\jars\commons-logging-1.1.1.jar;C:\Users\Nicolas\.ivy2\cache\org.postgresql\postgresql\jars\postgresql-9.4-1201-jdbc41.jar
Read from stdout: there was one feature warning; re-run with -feature for details
there was one feature warning; re-run with -feature for details
Read from stdout: one warning found
one warning found
Scala compilation took 0.932143721 s
New invalidations:
	Set()
Initial set of included nodes: Set()
Previously invalidated, but (transitively) depend on new invalidations:
	Set()
All newly invalidated sources after taking into account (previously) recompiled sources:Set()
Copy resource mappings: 
	(C:\Users\Nicolas\Documents\Fol.io-Backend\conf\application.conf,C:\Users\Nicolas\Documents\Fol.io-Backend\target\scala-2.11\classes\application.conf)
	(C:\Users\Nicolas\Documents\Fol.io-Backend\conf\evolutions,C:\Users\Nicolas\Documents\Fol.io-Backend\target\scala-2.11\classes\evolutions)
	(C:\Users\Nicolas\Documents\Fol.io-Backend\conf\logback.xml,C:\Users\Nicolas\Documents\Fol.io-Backend\target\scala-2.11\classes\logback.xml)
	(C:\Users\Nicolas\Documents\Fol.io-Backend\conf\routes,C:\Users\Nicolas\Documents\Fol.io-Backend\target\scala-2.11\classes\routes)
	(C:\Users\Nicolas\Documents\Fol.io-Backend\conf\evolutions\default,C:\Users\Nicolas\Documents\Fol.io-Backend\target\scala-2.11\classes\evolutions\default)
	(C:\Users\Nicolas\Documents\Fol.io-Backend\conf\evolutions\default\1.sql,C:\Users\Nicolas\Documents\Fol.io-Backend\target\scala-2.11\classes\evolutions\default\1.sql)
Total time: 1 s, completed 01-07-2016 2:08:27
> server-post-command-cleanup
> server-handle-next-server-request
